Simulation using numplayers = 64  numclusters =  8  numLiars =  1  betafactor =  1.05  and historyLen =  100
    Using historyLen at QPQ =  100
    Using historyLen L0 at QPQ2 = 400  and historyLen L1 at QPQ2 = 400
    Using threshold at QPQ = 0.985
    Using threshold L0 at QPQ2 = 0.9908457299201217  and threshold L1 at QPQ2 = 0.9908457299201217
Simulation number = 0
Simulation using numplayers = 64  numclusters =  8  numLiars =  1  betafactor =  1.05  and historyLen =  200
    Using historyLen at QPQ =  200
    Using historyLen L0 at QPQ2 = 800  and historyLen L1 at QPQ2 = 800
    Using threshold at QPQ = 0.9882797586370315
    Using threshold L0 at QPQ2 = 0.9928519525304961  and threshold L1 at QPQ2 = 0.9928519525304961
Simulation number = 0
Simulation using numplayers = 64  numclusters =  8  numLiars =  1  betafactor =  1.05  and historyLen =  300
    Using historyLen at QPQ =  300
    Using historyLen L0 at QPQ2 = 1200  and historyLen L1 at QPQ2 = 1200
    Using threshold at QPQ = 0.9898566981196923
    Using threshold L0 at QPQ2 = 0.993815635543837  and threshold L1 at QPQ2 = 0.993815635543837
Simulation number = 0
Simulation using numplayers = 64  numclusters =  8  numLiars =  1  betafactor =  1.05  and historyLen =  100
    Using historyLen at QPQ =  100
    Using historyLen L0 at QPQ2 = 400  and historyLen L1 at QPQ2 = 400
    Using threshold at QPQ = 0.985
    Using threshold L0 at QPQ2 = 0.9908457299201217  and threshold L1 at QPQ2 = 0.9908457299201217
Simulation number = 0
Simulation using numplayers = 64  numclusters =  8  numLiars =  1  betafactor =  1.05  and historyLen =  200
    Using historyLen at QPQ =  200
    Using historyLen L0 at QPQ2 = 800  and historyLen L1 at QPQ2 = 800
    Using threshold at QPQ = 0.9882797586370315
    Using threshold L0 at QPQ2 = 0.9928519525304961  and threshold L1 at QPQ2 = 0.9928519525304961
Simulation number = 0
Simulation using numplayers = 64  numclusters =  8  numLiars =  1  betafactor =  1.05  and historyLen =  300
    Using historyLen at QPQ =  300
    Using historyLen L0 at QPQ2 = 1200  and historyLen L1 at QPQ2 = 1200
    Using threshold at QPQ = 0.9898566981196923
    Using threshold L0 at QPQ2 = 0.993815635543837  and threshold L1 at QPQ2 = 0.993815635543837
Simulation number = 0
Simulation using numplayers = 64  numclusters =  8  numLiars =  1  betafactor =  1.05  and historyLen =  100
    Using historyLen at QPQ =  100
    Using historyLen L0 at QPQ2 = 400  and historyLen L1 at QPQ2 = 400
    Using threshold at QPQ = 0.985
    Using threshold L0 at QPQ2 = 0.9908457299201217  and threshold L1 at QPQ2 = 0.9908457299201217
Simulation number = 0
Simulation using numplayers = 64  numclusters =  8  numLiars =  1  betafactor =  1.05  and historyLen =  200
    Using historyLen at QPQ =  200
    Using historyLen L0 at QPQ2 = 800  and historyLen L1 at QPQ2 = 800
    Using threshold at QPQ = 0.9882797586370315
    Using threshold L0 at QPQ2 = 0.9928519525304961  and threshold L1 at QPQ2 = 0.9928519525304961
Simulation number = 0
Simulation using numplayers = 64  numclusters =  8  numLiars =  1  betafactor =  1.05  and historyLen =  300
    Using historyLen at QPQ =  300
    Using historyLen L0 at QPQ2 = 1200  and historyLen L1 at QPQ2 = 1200
    Using threshold at QPQ = 0.9898566981196923
    Using threshold L0 at QPQ2 = 0.993815635543837  and threshold L1 at QPQ2 = 0.993815635543837
Simulation number = 0
Simulation using numplayers = 64  numclusters =  8  numLiars =  1  betafactor =  1.05  and historyLen =  100
    Using historyLen at QPQ =  100
    Using historyLen L0 at QPQ2 = 400  and historyLen L1 at QPQ2 = 400
    Using threshold at QPQ = 0.985
    Using threshold L0 at QPQ2 = 0.9908457299201217  and threshold L1 at QPQ2 = 0.9908457299201217
Simulation number = 0
Simulation using numplayers = 64  numclusters =  8  numLiars =  1  betafactor =  1.05  and historyLen =  200
    Using historyLen at QPQ =  200
    Using historyLen L0 at QPQ2 = 800  and historyLen L1 at QPQ2 = 800
    Using threshold at QPQ = 0.9882797586370315
    Using threshold L0 at QPQ2 = 0.9928519525304961  and threshold L1 at QPQ2 = 0.9928519525304961
Simulation number = 0
Simulation using numplayers = 64  numclusters =  8  numLiars =  1  betafactor =  1.05  and historyLen =  300
    Using historyLen at QPQ =  300
    Using historyLen L0 at QPQ2 = 1200  and historyLen L1 at QPQ2 = 1200
    Using threshold at QPQ = 0.9898566981196923
    Using threshold L0 at QPQ2 = 0.993815635543837  and threshold L1 at QPQ2 = 0.993815635543837
Simulation number = 0
Simulation using numplayers = 64  numclusters =  8  numLiars =  1  betafactor =  1.05  and historyLen =  100
    Using historyLen at QPQ =  100
    Using historyLen L0 at QPQ2 = 400  and historyLen L1 at QPQ2 = 400
    Using threshold at QPQ = 0.985
    Using threshold L0 at QPQ2 = 0.9908457299201217  and threshold L1 at QPQ2 = 0.9908457299201217
Simulation number = 0
Simulation using numplayers = 64  numclusters =  8  numLiars =  1  betafactor =  1.05  and historyLen =  200
    Using historyLen at QPQ =  200
    Using historyLen L0 at QPQ2 = 800  and historyLen L1 at QPQ2 = 800
    Using threshold at QPQ = 0.9882797586370315
    Using threshold L0 at QPQ2 = 0.9928519525304961  and threshold L1 at QPQ2 = 0.9928519525304961
Simulation number = 0
Simulation using numplayers = 64  numclusters =  8  numLiars =  1  betafactor =  1.05  and historyLen =  300
    Using historyLen at QPQ =  300
    Using historyLen L0 at QPQ2 = 1200  and historyLen L1 at QPQ2 = 1200
    Using threshold at QPQ = 0.9898566981196923
    Using threshold L0 at QPQ2 = 0.993815635543837  and threshold L1 at QPQ2 = 0.993815635543837
Simulation number = 0
Simulation using numplayers = 64  numclusters =  8  numLiars =  1  betafactor =  1.05  and historyLen =  100
    Using historyLen at QPQ =  100
    Using historyLen L0 at QPQ2 = 400  and historyLen L1 at QPQ2 = 400
    Using threshold at QPQ = 0.985
    Using threshold L0 at QPQ2 = 0.9908457299201217  and threshold L1 at QPQ2 = 0.9908457299201217
Simulation number = 0
Simulation using numplayers = 64  numclusters =  8  numLiars =  1  betafactor =  1.05  and historyLen =  200
    Using historyLen at QPQ =  200
    Using historyLen L0 at QPQ2 = 800  and historyLen L1 at QPQ2 = 800
    Using threshold at QPQ = 0.9882797586370315
    Using threshold L0 at QPQ2 = 0.9928519525304961  and threshold L1 at QPQ2 = 0.9928519525304961
Simulation number = 0
Simulation using numplayers = 64  numclusters =  8  numLiars =  1  betafactor =  1.05  and historyLen =  300
    Using historyLen at QPQ =  300
    Using historyLen L0 at QPQ2 = 1200  and historyLen L1 at QPQ2 = 1200
    Using threshold at QPQ = 0.9898566981196923
    Using threshold L0 at QPQ2 = 0.993815635543837  and threshold L1 at QPQ2 = 0.993815635543837
Simulation number = 0
Simulation using numplayers = 64  numclusters =  8  numLiars =  1  betafactor =  1.05  and historyLen =  100
    Using historyLen at QPQ =  100
    Using historyLen L0 at QPQ2 = 400  and historyLen L1 at QPQ2 = 400
    Using threshold at QPQ = 0.985
    Using threshold L0 at QPQ2 = 0.9908457299201217  and threshold L1 at QPQ2 = 0.9908457299201217
Simulation number = 0
Simulation using numplayers = 64  numclusters =  8  numLiars =  1  betafactor =  1.05  and historyLen =  200
    Using historyLen at QPQ =  200
    Using historyLen L0 at QPQ2 = 800  and historyLen L1 at QPQ2 = 800
    Using threshold at QPQ = 0.9882797586370315
    Using threshold L0 at QPQ2 = 0.9928519525304961  and threshold L1 at QPQ2 = 0.9928519525304961
Simulation number = 0
Simulation using numplayers = 64  numclusters =  8  numLiars =  1  betafactor =  1.05  and historyLen =  300
    Using historyLen at QPQ =  300
    Using historyLen L0 at QPQ2 = 1200  and historyLen L1 at QPQ2 = 1200
    Using threshold at QPQ = 0.9898566981196923
    Using threshold L0 at QPQ2 = 0.993815635543837  and threshold L1 at QPQ2 = 0.993815635543837
Simulation number = 0
Simulation using numplayers = 64  numclusters =  8  numLiars =  1  betafactor =  1.05  and historyLen =  100
    Using historyLen at QPQ =  100
    Using historyLen L0 at QPQ2 = 400  and historyLen L1 at QPQ2 = 400
    Using threshold at QPQ =Simulation using numplayers = 64  numclusters =  8  numLiars =  1  betafactor =  1.05  and historyLen =  100
    Using historyLen at QPQ =  100
    Using historyLen L0 at QPQ2 = 400  and historyLen L1 at QPQ2 = 400
    Using threshold at QPQ = 0.985
    Using threshold L0 at QPQ2 = 0.9908457299201217  and threshold L1 at QPQ2 = 0.9908457299201217
Simulation number = 0
Simulation using numplayers = 64  numclusters =  8  numLiars =  1  betafactor =  1.05  and historyLen =  200
    Using historyLen at QPQ =  200
    Using historyLen L0 at QPQ2 = 800  and historyLen L1 at QPQ2 = 800
    Using threshold at QPQ = 0.9882797586370315
    Using threshold L0 at QPQ2 = 0.9928519525304961  and threshold L1 at QPQ2 = 0.9928519525304961
Simulation number = 0
Simulation using numplayers = 64  numclusters =  8  numLiars =  1  betafactor =  1.05  and historyLen =  300
    Using historyLen at QPQ =  300
    Using historyLen L0 at QPQ2 = 1200  and historyLen L1 at QPQ2 = 1200
    Using threshold at QPQ = 0.9898566981196923
    Using threshold L0 at QPQ2 = 0.993815635543837  and threshold L1 at QPQ2 = 0.993815635543837
Simulation number = 0
Simulation using numplayers = 64  numclusters =  8  numLiars =  1  betafactor =  1.05  and historyLen =  100
    Using historyLen at QPQ =  100
    Using historyLen L0 at QPQ2 = 400  and historyLen L1 at QPQ2 = 400
    Using threshold at QPQ = 0.985
    Using threshold L0 at QPQ2 = 0.9908457299201217  and threshold L1 at QPQ2 = 0.9908457299201217
Simulation number = 0
Simulation using numplayers = 64  numclusters =  8  numLiars =  1  betafactor =  1.05  and historyLen =  200
    Using historyLen at QPQ =  200
    Using historyLen L0 at QPQ2 = 800  and historyLen L1 at QPQ2 = 800
    Using threshold at QPQ = 0.9882797586370315
    Using threshold L0 at QPQ2 = 0.9928519525304961  and threshold L1 at QPQ2 = 0.9928519525304961
Simulation number = 0
Simulation using numplayers = 64  numclusters =  8  numLiars =  1  betafactor =  1.05  and historyLen =  300
    Using historyLen at QPQ =  300
    Using historyLen L0 at QPQ2 = 1200  and historyLen L1 at QPQ2 = 1200
    Using threshold at QPQ = 0.9898566981196923
    Using threshold L0 at QPQ2 = 0.993815635543837  and threshold L1 at QPQ2 = 0.993815635543837
Simulation number = 0
Simulation using numplayers = 64  numclusters =  8  numLiars =  1  betafactor =  1.05  and historyLen =  100
    Using historyLen at QPQ =  100
    Using historyLen L0 at QPQ2 = 400  and historyLen L1 at QPQ2 = 400
    Using threshold at QPQ = 0.985
    Using threshold L0 at QPQ2 = 0.9908457299201217  and threshold L1 at QPQ2 = 0.9908457299201217
Simulation number = 0
Simulation using numplayers = 64  numclusters =  8  numLiars =  1  betafactor =  1.05  and historyLen =  200
    Using historyLen at QPQ =  200
    Using historyLen L0 at QPQ2 = 800  and historyLen L1 at QPQ2 = 800
    Using threshold at QPQ = 0.9882797586370315
    Using threshold L0 at QPQ2 = 0.9928519525304961  and threshold L1 at QPQ2 = 0.9928519525304961
Simulation number = 0
Simulation using numplayers = 64  numclusters =  8  numLiars =  1  betafactor =  1.05  and historyLen =  300
    Using historyLen at QPQ =  300
    Using historyLen L0 at QPQ2 = 1200  and historyLen L1 at QPQ2 = 1200
    Using threshold at QPQ = 0.9898566981196923
    Using threshold L0 at QPQ2 = 0.993815635543837  and threshold L1 at QPQ2 = 0.993815635543837
Simulation number = 0
Simulation using numplayers = 64  numclusters =  8  numLiars =  1  betafactor =  1.05  and historyLen =  100
    Using historyLen at QPQ =  100
    Using historyLen L0 at QPQ2 = 400  and historyLen L1 at QPQ2 = 400
    Using threshold at QPQ = 0.985
    Using threshold L0 at QPQ2 = 0.9908457299201217  and threshold L1 at QPQ2 = 0.9908457299201217
Simulation number = 0
Simulation using numplayers = 64  numclusters =  8  numLiars =  1  betafactor =  1.05  and historyLen =  200
    Using historyLen at QPQ =  200
    Using historyLen L0 at QPQ2 = 800  and historyLen L1 at QPQ2 = 800
    Using threshold at QPQ = 0.9882797586370315
    Using threshold L0 at QPQ2 = 0.9928519525304961  and threshold L1 at QPQ2 = 0.9928519525304961
Simulation number = 0
Simulation using numplayers = 64  numclusters =  8  numLiars =  1  betafactor =  1.05  and historyLen =  300
    Using historyLen at QPQ =  300
    Using historyLen L0 at QPQ2 = 1200  and historyLen L1 at QPQ2 = 1200
    Using threshold at QPQ = 0.9898566981196923
    Using threshold L0 at QPQ2 = 0.993815635543837  and threshold L1 at QPQ2 = 0.993815635543837
Simulation number = 0
Simulation using numplayers = 64  numclusters =  8  numLiars =  1  betafactor =  1.05  and historyLen =  100
    Using historyLen at QPQ =  100
    Using historyLen L0 at QPQ2 = 400  and historyLen L1 at QPQ2 = 400
    Using threshold at QPQ = 0.985
    Using threshold L0 at QPQ2 = 0.9908457299201217  and threshold L1 at QPQ2 = 0.9908457299201217
Simulation number = 0
Simulation using numplayers = 64  numclusters =  8  numLiars =  1  betafactor =  1.05  and historyLen =  200
    Using historyLen at QPQ =  200
    Using historyLen L0 at QPQ2 = 800  and historyLen L1 at QPQ2 = 800
    Using threshold at QPQ = 0.9882797586370315
    Using threshold L0 at QPQ2 = 0.9928519525304961  and threshold L1 at QPQ2 = 0.9928519525304961
Simulation number = 0
Simulation using numplayers = 64  numclusters =  8  numLiars =  1  betafactor =  1.05  and historyLen =  300
    Using historyLen at QPQ =  300
    Using historyLen L0 at QPQ2 = 1200  and historyLen L1 at QPQ2 = 1200
    Using threshold at QPQ = 0.9898566981196923
    Using threshold L0 at QPQ2 = 0.993815635543837  and threshold L1 at QPQ2 = 0.993815635543837
Simulation number = 0
Simulation using numplayers = 64  numclusters =  8  numLiars =  1  betafactor =  1.05  and historyLen =  100
    Using historyLen at QPQ =  100
    Using historyLen L0 at QPQ2 = 400  and historyLen L1 at QPQ2 = 400
    Using threshold at QPQ = 0.985
    Using threshold L0 at QPQ2 = 0.9908457299201217  and threshold L1 at QPQ2 = 0.9908457299201217
Simulation number = 0
Simulation using numplayers = 64  numclusters =  8  numLiars =  1  betafactor =  1.05  and historyLen =  200
    Using historyLen at QPQ =  200
    Using historyLen L0 at QPQ2 = 800  and historyLen L1 at QPQ2 = 800
    Using threshold at QPQ = 0.9882797586370315
    Using threshold L0 at QPQ2 = 0.9928519525304961  and threshold L1 at QPQ2 = 0.9928519525304961
Simulation number = 0
Simulation using numplayers = 64  numclusters =  8  numLiars =  1  betafactor =  1.05  and historyLen =  300
    Using historyLen at QPQ =  300
    Using historyLen L0 at QPQ2 = 1200  and historyLen L1 at QPQ2 = 1200
    Using threshold at QPQ = 0.9898566981196923
    Using threshold L0 at QPQ2 = 0.993815635543837  and threshold L1 at QPQ2 = 0.993815635543837
Simulation number = 0
Simulation using numplayers = 64  numclusters =  8  numLiars =  1  betafactor =  1.05  and historyLen =  100
    Using historyLen at QPQ =  100
    Using historyLen L0 at QPQ2 = 400  and historyLen L1 at QPQ2 = 400
    Using threshold at QPQ = 0.985
    Using threshold L0 at QPQ2 = 0.9908457299201217  and threshold L1 at QPQ2 = 0.9908457299201217
Simulation number = 0
Simulation using numplayers = 64  numclusters =  8  numLiars =  1  betafactor =  1.05  and historyLen =  200
    Using historyLen at QPQ =  200
    Using historyLen L0 at QPQ2 = 800  and historyLen L1 at QPQ2 = 800
    Using threshold at QPQ = 0.9882797586370315
    Using threshold L0 at QPQ2 = 0.9928519525304961  and threshold L1 at QPQ2 = 0.9928519525304961
Simulation number = 0
Simulation using numplayers = 64  numclusters =  8  numLiars =  1  betafactor =  1.05  and historyLen =  300
    Using historyLen at QPQ =  300
    Using historyLen L0 at QPQ2 = 1200  and historyLen L1 at QPQ2 = 1200
    Using threshold at QPQ = 0.9898566981196923
    Using threshold L0 at QPQ2 = 0.993815635543837  and threshold L1 at QPQ2 = 0.993815635543837
Simulation number = 0
Simulation using numplayers = 64  numclusters =  8  numLiars =  1  betafactor =  1.05  and historyLen =  100
    Using historyLen at QPQ =  100
    Using historyLen L0 at QPQ2 = 400  and historyLen L1 at QPQ2 = 400
    Using threshold at QPQ = 0.985
    Using threshold L0 at QPQ2 = 0.9908457299201217  and threshold L1 at QPQ2 = 0.9908457299201217
Simulation number = 0
Simulation using numplayers = 64  numclusters =  8  numLiars =  1  betafactor =  1.05  and historyLen =  200
    Using historyLen at QPQ =  200
    Using historyLen L0 at QPQ2 = 800  and historyLen L1 at QPQ2 = 800
    Using threshold at QPQ = 0.9882797586370315
    Using threshold L0 at QPQ2 = 0.9928519525304961  and threshold L1 at QPQ2 = 0.9928519525304961
Simulation number = 0
Simulation using numplayers = 64  numclusters =  8  numLiars =  1  betafactor =  1.05  and historyLen =  300
    Using historyLen at QPQ =  300
    Using historyLen L0 at QPQ2 = 1200  and historyLen L1 at QPQ2 = 1200
    Using threshold at QPQ = 0.9898566981196923
    Using threshold L0 at QPQ2 = 0.993815635543837  and threshold L1 at QPQ2 = 0.993815635543837
Simulation number = 0
Simulation using numplayers = 64  numclusters =  8  numLiars =  1  betafactor =  1.05  and historyLen =  100
    Using historyLen at QPQ =  100
    Using historyLen L0 at QPQ2 = 400  and historyLen L1 at QPQ2 = 400
    Using threshold at QPQ = 0.985
    Using threshold L0 at QPQ2 = 0.9908457299201217  and threshold L1 at QPQ2 = 0.9908457299201217
Simulation number = 0
Simulation using numplayers = 64  numclusters =  8  numLiars =  1  betafactor =  1.05  and historyLen =  200
    Using historyLen at QPQ =  200
    Using historyLen L0 at QPQ2 = 800  and historyLen L1 at QPQ2 = 800
    Using threshold at QPQ = 0.9882797586370315
    Using threshold L0 at QPQ2 = 0.9928519525304961  and threshold L1 at QPQ2 = 0.9928519525304961
Simulation number = 0
Simulation using numplayers = 64  numclusters =  8  numLiars =  1  betafactor =  1.05  and historyLen =  300
    Using historyLen at QPQ =  300
    Using historyLen L0 at QPQ2 = 1200  and historyLen L1 at QPQ2 = 1200
    Using threshold at QPQ = 0.9898566981196923
    Using threshold L0 at QPQ2 = 0.993815635543837  and threshold L1 at QPQ2 = 0.993815635543837
Simulation number = 0
Simulation using numplayers = 64  numclusters =  8  numLiars =  1  betafactor =  1.05  and historyLen =  100
    Using historyLen at QPQ =  100
    Using historyLen L0 at QPQ2 = 400  and historyLen L1 at QPQ2 = 400
    Using threshold at QPQ = 0.985
    Using threshold L0 at QPQ2 = 0.9908457299201217  and threshold L1 at QPQ2 = 0.9908457299201217
Simulation number = 0
Simulation using numplayers = 64  numclusters =  8  numLiars =  1  betafactor =  1.05  and historyLen =  200
    Using historyLen at QPQ =  200
    Using historyLen L0 at QPQ2 = 800  and historyLen L1 at QPQ2 = 800
    Using threshold at QPQ = 0.9882797586370315
    Using threshold L0 at QPQ2 = 0.9928519525304961  and threshold L1 at QPQ2 = 0.9928519525304961
Simulation number = 0
Simulation using numplayers = 64  numclusters =  8  numLiars =  1  betafactor =  1.05  and historyLen =  300
    Using historyLen at QPQ =  300
    Using historyLen L0 at QPQ2 = 1200  and historyLen L1 at QPQ2 = 1200
    Using threshold at QPQ = 0.9898566981196923
    Using threshold L0 at QPQ2 = 0.993815635543837  and threshold L1 at QPQ2 = 0.993815635543837
Simulation number = 0
Simulation using numplayers = 64  numclusters =  8  numLiars =  1  betafactor =  1.05  and historyLen =  100
    Using historyLen at QPQ =  100
    Using historyLen L0 at QPQ2 = 400  and historyLen L1 at QPQ2 = 400
    Using threshold at QPQ = 0.985
    Using threshold L0 at QPQ2 = 0.9908457299201217  and threshold L1 at QPQ2 = 0.9908457299201217
Simulation number = 0
Simulation using numplayers = 64  numclusters =  8  numLiars =  1  betafactor =  1.05  and historyLen =  200
    Using historyLen at QPQ =  200
    Using historyLen L0 at QPQ2 = 800  and historyLen L1 at QPQ2 = 800
    Using threshold at QPQ = 0.9882797586370315
    Using threshold L0 at QPQ2 = 0.9928519525304961  and threshold L1 at QPQ2 = 0.9928519525304961
Simulation number = 0
Simulation using numplayers = 64  numclusters =  8  numLiars =  1  betafactor =  1.05  and historyLen =  300
    Using historyLen at QPQ =  300
    Using historyLen L0 at QPQ2 = 1200  and historyLen L1 at QPQ2 = 1200
    Using threshold at QPQ = 0.9898566981196923
    Using threshold L0 at QPQ2 = 0.993815635543837  and threshold L1 at QPQ2 = 0.993815635543837
Simulation number = 0
Simulation using numplayers = 64  numclusters =  8  numLiars =  1  betafactor =  1.05  and historyLen =  100
    Using historyLen at QPQ =  100
    Using historyLen L0 at QPQ2 = 400  and historyLen L1 at QPQ2 = 400
    Using threshold at QPQ = 0.985
    Using threshold L0 at QPQ2 = 0.9908457299201217  and threshold L1 at QPQ2 = 0.9908457299201217
Simulation number = 0
Simulation using numplayers = 64  numclusters =  8  numLiars =  1  betafactor =  1.05  and historyLen =  200
    Using historyLen at QPQ =  200
    Using historyLen L0 at QPQ2 = 800  and historyLen L1 at QPQ2 = 800
    Using threshold at QPQ = 0.9882797586370315
    Using threshold L0 at QPQ2 = 0.9928519525304961  and threshold L1 at QPQ2 = 0.9928519525304961
Simulation number = 0
Simulation using numplayers = 64  numclusters =  8  numLiars =  1  betafactor =  1.05  and historyLen =  300
    Using historyLen at QPQ =  300
    Using historyLen L0 at QPQ2 = 1200  and historyLen L1 at QPQ2 = 1200
    Using threshold at QPQ = 0.9898566981196923
    Using threshold L0 at QPQ2 = 0.993815635543837  and threshold L1 at QPQ2 = 0.993815635543837
Simulation number = 0
Simulation using numplayers = 64  numclusters =  8  numLiars =  1  betafactor =  1.05  and historyLen =  100
    Using historyLen at QPQ =  100
    Using historyLen L0 at QPQ2 = 400  and historyLen L1 at QPQ2 = 400
    Using threshold at QPQ = 0.985
    Using threshold L0 at QPQ2 = 0.9908457299201217  and threshold L1 at QPQ2 = 0.9908457299201217
Simulation number = 0
Simulation using numplayers = 64  numclusters =  8  numLiars =  1  betafactor =  1.05  and historyLen =  200
    Using historyLen at QPQ =  200
    Using historyLen L0 at QPQ2 = 800  and historyLen L1 at QPQ2 = 800
    Using threshold at QPQ = 0.9882797586370315
    Using threshold L0 at QPQ2 = 0.9928519525304961  and threshold L1 at QPQ2 = 0.9928519525304961
Simulation number = 0
Simulation using numplayers = 64  numclusters =  8  numLiars =  1  betafactor =  1.05  and historyLen =  300
    Using historyLen at QPQ =  300
    Using historyLen L0 at QPQ2 = 1200  and historyLen L1 at QPQ2 = 1200
    Using threshold at QPQ = 0.9898566981196923
    Using threshold L0 at QPQ2 = 0.993815635543837  and threshold L1 at QPQ2 = 0.993815635543837
Simulation number = 0
Simulation using numplayers = 64  numclusters =  8  numLiars =  1  betafactor =  1.05  and historyLen =  100
    Using historyLen at QPQ =  100
    Using historyLen L0 at QPQ2 = 400  and historyLen L1 at QPQ2 = 400
    Using threshold at QPQ = 0.985
    Using threshold L0 at QPQ2 = 0.9908457299201217  and threshold L1 at QPQ2 = 0.9908457299201217
Simulation number = 0
Simulation using numplayers = 64  numclusters =  8  numLiars =  1  betafactor =  1.05  and historyLen =  200
    Using historyLen at QPQ =  200
    Using historyLen L0 at QPQ2 = 800  and historyLen L1 at QPQ2 = 800
    Using threshold at QPQ = 0.9882797586370315
    Using threshold L0 at QPQ2 = 0.9928519525304961  and threshold L1 at QPQ2 = 0.9928519525304961
Simulation number = 0
Simulation using numplayers = 64  numclusters =  8  numLiars =  1  betafactor =  1.05  and historyLen =  300
    Using historyLen at QPQ =  300
    Using historyLen L0 at QPQ2 = 1200  and historyLen L1 at QPQ2 = 1200
    Using threshold at QPQ = 0.9898566981196923
    Using threshold L0 at QPQ2 = 0.993815635543837  and threshold L1 at QPQ2 = 0.993815635543837
Simulation number = 0
Simulation using numplayers = 64  numclusters =  8  numLiars =  1  betafactor =  1.05  and historyLen =  100
    Using historyLen at QPQ =  100
    Using historyLen L0 at QPQ2 = 400  and historyLen L1 at QPQ2 = 400
    Using threshold at QPQ = 0.985
    Using threshold L0 at QPQ2 = 0.9908457299201217  and threshold L1 at QPQ2 = 0.9908457299201217
Simulation number = 0
Simulation using numplayers = 64  numclusters =  8  numLiars =  1  betafactor =  1.05  and historyLen =  0.985
    Using threshold L0 at QPQ2 = 0.9908457299201217  and threshold L1 at QPQ2 = 0.9908457299201217
Simulation number = 0
Simulation using numplayers = 64  numclusters =  8  numLiars =  1  betafactor =  1.05  and historyLen =  200
    Using historyLen at QPQ =  200
    Using historyLen L0 at QPQ2 = 800  and historyLen L1 at QPQ2 = 800
    Using threshold at QPQ = 0.9882797586370315
    Using threshold L0 at QPQ2 = 0.9928519525304961  and threshold L1 at QPQ2 = 0.9928519525304961
Simulation number = 0
Simulation using numplayers = 64  numclusters =  8  numLiars =  1  betafactor =  1.05  and historyLen =  300
    Using historyLen at QPQ =  300
    Using historyLen L0 at QPQ2 = 1200  and historyLen L1 at QPQ2 = 1200
    Using threshold at QPQ = 0.9898566981196923
    Using threshold L0 at QPQ2 = 0.993815635543837  and threshold L1 at QPQ2 = 0.993815635543837
Simulation number = 0
Simulation using numplayers = 64  numclusters =  8  numLiars =  1  betafactor =  1.05  and historyLen =  100
    Using historyLen at QPQ =  100
    Using historyLen L0 at QPQ2 = 400  and historyLen L1 at QPQ2 = 400
    Using threshold at QPQ = 0.985
    Using threshold L0 at QPQ2 = 0.9908457299201217  and threshold L1 at QPQ2 = 0.9908457299201217
Simulation number = 0
Simulation using numplayers = 64  numclusters =  8  numLiars =  1  betafactor =  1.05  and historyLen =  200
    Using historyLen at QPQ =  200
    Using historyLen L0 at QPQ2 = 800  and historyLen L1 at QPQ2 = 800
    Using threshold at QPQ = 0.9882797586370315
    Using threshold L0 at QPQ2 = 0.9928519525304961  and threshold L1 at QPQ2 = 0.9928519525304961
Simulation number = 0
Simulation using numplayers = 64  numclusters =  8  numLiars =  1  betafactor =  1.05  and historyLen =  300
    Using historyLen at QPQ =  300
    Using historyLen L0 at QPQ2 = 1200  and historyLen L1 at QPQ2 = 1200
    Using threshold at QPQ = 0.9898566981196923
    Using threshold L0 at QPQ2 = 0.993815635543837  and threshold L1 at QPQ2 = 0.993815635543837
Simulation number = 0
Simulation using numplayers = 64  numclusters =  8  numLiars =  1  betafactor =  1.05  and historyLen =  100
    Using historyLen at QPQ =  100
    Using historyLen L0 at QPQ2 = 400  and historyLen L1 at QPQ2 = 400
    Using threshold at QPQ = 0.985
    Using threshold L0 at QPQ2 = 0.9908457299201217  and threshold L1 at QPQ2 = 0.9908457299201217
Simulation number = 0
Simulation using numplayers = 64  numclusters =  8  numLiars =  1  betafactor =  1.05  and historyLen =  200
    Using historyLen at QPQ =  200
    Using historyLen L0 at QPQ2 = 800  and historyLen L1 at QPQ2 = 800
    Using threshold at QPQ = 0.9882797586370315
    Using threshold L0 at QPQ2 = 0.9928519525304961  and threshold L1 at QPQ2 = 0.9928519525304961
Simulation number = 0
Simulation using numplayers = 64  numclusters =  8  numLiars =  1  betafactor =  1.05  and historyLen =  300
    Using historyLen at QPQ =  300
    Using historyLen L0 at QPQ2 = 1200  and historyLen L1 at QPQ2 = 1200
    Using threshold at QPQ = 0.9898566981196923
    Using threshold L0 at QPQ2 = 0.993815635543837  and threshold L1 at QPQ2 = 0.993815635543837
Simulation number = 0
Simulation using numplayers = 64  numclusters =  8  numLiars =  1  betafactor =  1.05  and historyLen =  100
    Using historyLen at QPQ =  100
    Using historyLen L0 at QPQ2 = 400  and historyLen L1 at QPQ2 = 400
    Using threshold at QPQ = 0.985
    Using threshold L0 at QPQ2 = 0.9908457299201217  and threshold L1 at QPQ2 = 0.9908457299201217
Simulation number = 0
Simulation using numplayers = 64  numclusters =  8  numLiars =  1  betafactor =  1.05  and historyLen =  200
    Using historyLen at QPQ =  200
    Using historyLen L0 at QPQ2 = 800  and historyLen L1 at QPQ2 = 800
    Using threshold at QPQ = 0.9882797586370315
    Using threshold L0 at QPQ2 = 0.9928519525304961  and threshold L1 at QPQ2 = 0.9928519525304961
Simulation number = 0
Simulation using numplayers = 64  numclusters =  8  numLiars =  1  betafactor =  1.05  and historyLen =  300
    Using historyLen at QPQ =  300
    Using historyLen L0 at QPQ2 = 1200  and historyLen L1 at QPQ2 = 1200
    Using threshold at QPQ = 0.9898566981196923
    Using threshold L0 at QPQ2 = 0.993815635543837  and threshold L1 at QPQ2 = 0.993815635543837
Simulation number = 0
Simulation using numplayers = 64  numclusters =  8  numLiars =  1  betafactor =  1.05  and historyLen =  100
    Using historyLen at QPQ =  100
    Using historyLen L0 at QPQ2 = 400  and historyLen L1 at QPQ2 = 400
    Using threshold at QPQ = 0.985
    Using threshold L0 at QPQ2 = 0.9908457299201217  and threshold L1 at QPQ2 = 0.9908457299201217
Simulation number = 0
Simulation using numplayers = 64  numclusters =  8  numLiars =  1  betafactor =  1.05  and historyLen =  200
    Using historyLen at QPQ =  200
    Using historyLen L0 at QPQ2 = 800  and historyLen L1 at QPQ2 = 800
    Using threshold at QPQ = 0.9882797586370315
    Using threshold L0 at QPQ2 = 0.9928519525304961  and threshold L1 at QPQ2 = 0.9928519525304961
Simulation number = 0
Simulation using numplayers = 64  numclusters =  8  numLiars =  1  betafactor =  1.05  and historyLen =  300
    Using historyLen at QPQ =  300
    Using historyLen L0 at QPQ2 = 1200  and historyLen L1 at QPQ2 = 1200
    Using threshold at QPQ = 0.9898566981196923
    Using threshold L0 at QPQ2 = 0.993815635543837  and threshold L1 at QPQ2 = 0.993815635543837
Simulation number = 0
Simulation using numplayers = 64  numclusters =  8  numLiars =  1  betafactor =  1.05  and historyLen =  100
    Using historyLen at QPQ =  100
    Using historyLen L0 at QPQ2 = 400  and historyLen L1 at QPQ2 = 400
    Using threshold at QPQ = 0.985
    Using threshold L0 at QPQ2 = 0.9908457299201217  and threshold L1 at QPQ2 = 0.9908457299201217
Simulation number = 0
Simulation using numplayers = 64  numclusters =  8  numLiars =  1  betafactor =  1.05  and historyLen =  200
    Using historyLen at QPQ =  200
    Using historyLen L0 at QPQ2 = 800  and historyLen L1 at QPQ2 = 800
    Using threshold at QPQ = 0.9882797586370315
    Using threshold L0 at QPQ2 = 0.9928519525304961  and threshold L1 at QPQ2 = 0.9928519525304961
Simulation number = 0
Simulation using numplayers = 64  numclusters =  8  numLiars =  1  betafactor =  1.05  and historyLen =  300
    Using historyLen at QPQ =  300
    Using historyLen L0 at QPQ2 = 1200  and historyLen L1 at QPQ2 = 1200
    Using threshold at QPQ = 0.9898566981196923
    Using threshold L0 at QPQ2 = 0.993815635543837  and threshold L1 at QPQ2 = 0.993815635543837
Simulation number = 0
Simulation using numplayers = 64  numclusters =  8  numLiars =  1  betafactor =  1.05  and historyLen =  100
    Using historyLen at QPQ =  100
    Using historyLen L0 at QPQ2 = 400  and historyLen L1 at QPQ2 = 400
    Using threshold at QPQ = 0.985
    Using threshold L0 at QPQ2 = 0.9908457299201217  and threshold L1 at QPQ2 = 0.9908457299201217
Simulation number = 0
Simulation using numplayers = 64  numclusters =  8  numLiars =  1  betafactor =  1.05  and historyLen =  200
    Using historyLen at QPQ =  200
    Using historyLen L0 at QPQ2 = 800  and historyLen L1 at QPQ2 = 800
    Using threshold at QPQ = 0.9882797586370315
    Using threshold L0 at QPQ2 = 0.9928519525304961  and threshold L1 at QPQ2 = 0.9928519525304961
Simulation number = 0
Simulation using numplayers = 64  numclusters =  8  numLiars =  1  betafactor =  1.05  and historyLen =  300
    Using historyLen at QPQ =  300
    Using historyLen L0 at QPQ2 = 1200  and historyLen L1 at QPQ2 = 1200
    Using threshold at QPQ = 0.9898566981196923
    Using threshold L0 at QPQ2 = 0.993815635543837  and threshold L1 at QPQ2 = 0.993815635543837
Simulation number = 0
Simulation using numplayers = 64  numclusters =  8  numLiars =  1  betafactor =  1.05  and historyLen =  100
    Using historyLen at QPQ =  100
    Using historyLen L0 at QPQ2 = 400  and historyLen L1 at QPQ2 = 400
    Using threshold at QPQ = 0.985
    Using threshold L0 at QPQ2 = 0.9908457299201217  and threshold L1 at QPQ2 = 0.9908457299201217
Simulation number = 0
Simulation using numplayers = 64  numclusters =  8  numLiars =  1  betafactor =  1.05  and historyLen = 