Simulation using numplayers = 64  numclusters =  8  numLiars =  1  betafactor =  1.05  and historyLen =  100
    Using historyLen at QPQ =  100
    Using historyLen L0 at QPQ2 = 400  and historyLen L1 at QPQ2 = 400
    Using threshold at QPQ = 0.99
    Using threshold L0 at QPQ2 = 0.9939031789096724  and threshold L1 at QPQ2 = 0.9939031789096724
Simulation number = 0
Simulation using numplayers = 64  numclusters =  8  numLiars =  1  betafactor =  1.05  and historyLen =  200
    Using historyLen at QPQ =  200
    Using historyLen L0 at QPQ2 = 800  and historyLen L1 at QPQ2 = 800
    Using threshold at QPQ = 0.9921908390617783
    Using threshold L0 at QPQ2 = 0.9952409491603623  and threshold L1 at QPQ2 = 0.9952409491603623
Simulation number = 0
Simulation using numplayers = 64  numclusters =  8  numLiars =  1  betafactor =  1.05  and historyLen =  300
    Using historyLen at QPQ =  300
    Using historyLen L0 at QPQ2 = 1200  and historyLen L1 at QPQ2 = 1200
    Using threshold at QPQ = 0.9932433482395518
    Using threshold L0 at QPQ2 = 0.9958832210655824  and threshold L1 at QPQ2 = 0.9958832210655824
Simulation number = 0
Simulation using numplayers = 64  numclusters =  8  numLiars =  1  betafactor =  1.05  and historyLen =  100
    Using historyLen at QPQ =  100
    Using historyLen L0 at QPQ2 = 400  and historyLen L1 at QPQ2 = 400
    Using threshold at QPQ = 0.99
    Using threshold L0 at QPQ2 = 0.9939031789096724  and threshold L1 at QPQ2 = 0.9939031789096724
Simulation number = 0
Simulation using numplayers = 64  numclusters =  8  numLiars =  1  betafactor =  1.05  and historyLen =  200
    Using historyLen at QPQ =  200
    Using historyLen L0 at QPQ2 = 800  and historyLen L1 at QPQ2 = 800
    Using threshold at QPQ = 0.9921908390617783
    Using threshold L0 at QPQ2 = 0.9952409491603623  and threshold L1 at QPQ2 = 0.9952409491603623
Simulation number = 0
Simulation using numplayers = 64  numclusters =  8  numLiars =  1  betafactor =  1.05  and historyLen =  300
    Using historyLen at QPQ =  300
    Using historyLen L0 at QPQ2 = 1200  and historyLen L1 at QPQ2 = 1200
    Using threshold at QPQ = 0.9932433482395518
    Using threshold L0 at QPQ2 = 0.9958832210655824  and threshold L1 at QPQ2 = 0.9958832210655824
Simulation number = 0
Simulation using numplayers = 64  numclusters =  8  numLiars =  1  betafactor =  1.05  and historyLen =  100
    Using historyLen at QPQ =  100
    Using historyLen L0 at QPQ2 = 400  and historyLen L1 at QPQ2 = 400
    Using threshold at QPQ = 0.99
    Using threshold L0 at QPQ2 = 0.9939031789096724  and threshold L1 at QPQ2 = 0.9939031789096724
Simulation number = 0
Simulation using numplayers = 64  numclusters =  8  numLiars =  1  betafactor =  1.05  and historyLen =  200
    Using historyLen at QPQ =  200
    Using historyLen L0 at QPQ2 = 800  and historyLen L1 at QPQ2 = 800
    Using threshold at QPQ = 0.9921908390617783
    Using threshold L0 at QPQ2 = 0.9952409491603623  and threshold L1 at QPQ2 = 0.9952409491603623
Simulation number = 0
Simulation using numplayers = 64  numclusters =  8  numLiars =  1  betafactor =  1.05  and historyLen =  300
    Using historyLen at QPQ =  300
    Using historyLen L0 at QPQ2 = 1200  and historyLen L1 at QPQ2 = 1200
    Using threshold at QPQ = 0.9932433482395518
    Using threshold L0 at QPQ2 = 0.9958832210655824  and threshold L1 at QPQ2 = 0.9958832210655824
Simulation number = 0
Simulation using numplayers = 64  numclusters =  8  numLiars =  1  betafactor =  1.05  and historyLen =  100
    Using historyLen at QPQ =  100
    Using historyLen L0 at QPQ2 = 400  and historyLen L1 at QPQ2 = 400
    Using threshold at QPQ = 0.99
    Using threshold L0 at QPQ2 = 0.9939031789096724  and threshold L1 at QPQ2 = 0.9939031789096724
Simulation number = 0
Simulation using numplayers = 64  numclusters =  8  numLiars =  1  betafactor =  1.05  and historyLen =  200
    Using historyLen at QPQ =  200
    Using historyLen L0 at QPQ2 = 800  and historyLen L1 at QPQ2 = 800
    Using threshold at QPQ = 0.9921908390617783
    Using threshold L0 at QPQ2 = 0.9952409491603623  and threshold L1 at QPQ2 = 0.9952409491603623
Simulation number = 0
Simulation using numplayers = 64  numclusters =  8  numLiars =  1  betafactor =  1.05  and historyLen =  300
    Using historyLen at QPQ =  300
    Using historyLen L0 at QPQ2 = 1200  and historyLen L1 at QPQ2 = 1200
    Using threshold at QPQ = 0.9932433482395518
    Using threshold L0 at QPQ2 = 0.9958832210655824  and threshold L1 at QPQ2 = 0.9958832210655824
Simulation number = 0
Simulation using numplayers = 64  numclusters =  8  numLiars =  1  betafactor =  1.05  and historyLen =  100
    Using historyLen at QPQ =  100
    Using historyLen L0 at QPQ2 = 400  and historyLen L1 at QPQ2 = 400
    Using threshold at QPQ = 0.99
    Using threshold L0 at QPQ2 = 0.9939031789096724  and threshold L1 at QPQ2 = 0.9939031789096724
Simulation number = 0
Simulation using numplayers = 64  numclusters =  8  numLiars =  1  betafactor =  1.05  and historyLen =  200
    Using historyLen at QPQ =  200
    Using historyLen L0 at QPQ2 = 800  and historyLen L1 at QPQ2 = 800
    Using threshold at QPQ = 0.9921908390617783
    Using threshold L0 at QPQ2 = 0.9952409491603623  and threshold L1 at QPQ2 = 0.9952409491603623
Simulation number = 0
Simulation using numplayers = 64  numclusters =  8  numLiars =  1  betafactor =  1.05  and historyLen =  300
    Using historyLen at QPQ =  300
    Using historyLen L0 at QPQ2 = 1200  and historyLen L1 at QPQ2 = 1200
    Using threshold at QPQ = 0.9932433482395518
    Using threshold L0 at QPQ2 = 0.9958832210655824  and threshold L1 at QPQ2 = 0.9958832210655824
Simulation number = 0
Simulation using numplayers = 64  numclusters =  8  numLiars =  1  betafactor =  1.05  and historyLen =  100
    Using historyLen at QPQ =  100
    Using historyLen L0 at QPQ2 = 400  and historyLen L1 at QPQ2 = 400
    Using threshold at QPQ = 0.99
    Using threshold L0 at QPQ2 = 0.9939031789096724  and threshold L1 at QPQ2 = 0.9939031789096724
Simulation number = 0
Simulation using numplayers = 64  numclusters =  8  numLiars =  1  betafactor =  1.05  and historyLen =  200
    Using historyLen at QPQ =  200
    Using historyLen L0 at QPQ2 = 800  and historyLen L1 at QPQ2 = 800
    Using threshold at QPQ = 0.9921908390617783
    Using threshold L0 at QPQ2 = 0.9952409491603623  and threshold L1 at QPQ2 = 0.9952409491603623
Simulation number = 0
Simulation using numplayers = 64  numclusters =  8  numLiars =  1  betafactor =  1.05  and historyLen =  300
    Using historyLen at QPQ =  300
    Using historyLen L0 at QPQ2 = 1200  and historyLen L1 at QPQ2 = 1200
    Using threshold at QPQ = 0.9932433482395518
    Using threshold L0 at QPQ2 = 0.9958832210655824  and threshold L1 at QPQ2 = 0.9958832210655824
Simulation number = 0
Simulation using numplayers = 64  numclusters =  8  numLiars =  1  betafactor =  1.05  and historyLen =  100
    Using historyLen at QPQ =  100
    Using historyLen L0 at QPQ2 = 400  and historyLen L1 at QPQ2 = 400
    Using threshold at QPQ = 0.99
    Using threshold L0 at QPQ2 = 0.9939031789096724  and threshold L1 at QPQ2 = 0.9939031789096724
Simulation number = 0
Simulation using numplayers = 64  numclusters =  8  numLiars =  1  betafactor =  1.05  and historyLen =  200
    Using historyLen at QPQ =  200
    Using historyLen L0 at QPQ2 = 800  and historyLen L1 at QPQ2 = 800
    Using threshold at QPQ = 0.9921908390617783
    Using threshold L0 at QPQ2 = 0.9952409491603623  and threshold L1 at QPQ2 = 0.9952409491603623
Simulation number = 0
Simulation using numplayers = 64  numclusters =  8  numLiars =  1  betafactor =  1.05  and historyLen =  300
    Using historyLen at QPQ =  300
    Using historyLen L0 at QPQ2 = 1200  and historyLen L1 at QPQ2 = 1200
    Using threshold at QPQ = 0.9932433482395518
    Using threshold L0 at QPQ2 = 0.9958832210655824  and threshold L1 at QPQ2 = 0.9958832210655824
Simulation number = 0
Simulation using numplayers = 64  numclusters =  8  numLiars =  1  betafactor =  1.05  and historyLen =  100
    Using historyLen at QPQ =  100
    Using historyLen L0 at QPQ2 = 400  and historyLen L1 at QPQ2 = 400Simulation using numplayers = 64  numclusters =  8  numLiars =  1  betafactor =  1.05  and historyLen =  100
    Using historyLen at QPQ =  100
    Using historyLen L0 at QPQ2 = 400  and historyLen L1 at QPQ2 = 400
    Using threshold at QPQ = 0.99
    Using threshold L0 at QPQ2 = 0.9939031789096724  and threshold L1 at QPQ2 = 0.9939031789096724
Simulation number = 0
Simulation using numplayers = 64  numclusters =  8  numLiars =  1  betafactor =  1.05  and historyLen =  200
    Using historyLen at QPQ =  200
    Using historyLen L0 at QPQ2 = 800  and historyLen L1 at QPQ2 = 800
    Using threshold at QPQ = 0.9921908390617783
    Using threshold L0 at QPQ2 = 0.9952409491603623  and threshold L1 at QPQ2 = 0.9952409491603623
Simulation number = 0
Simulation using numplayers = 64  numclusters =  8  numLiars =  1  betafactor =  1.05  and historyLen =  300
    Using historyLen at QPQ =  300
    Using historyLen L0 at QPQ2 = 1200  and historyLen L1 at QPQ2 = 1200
    Using threshold at QPQ = 0.9932433482395518
    Using threshold L0 at QPQ2 = 0.9958832210655824  and threshold L1 at QPQ2 = 0.9958832210655824
Simulation number = 0
Simulation using numplayers = 64  numclusters =  8  numLiars =  1  betafactor =  1.05  and historyLen =  100
    Using historyLen at QPQ =  100
    Using historyLen L0 at QPQ2 = 400  and historyLen L1 at QPQ2 = 400
    Using threshold at QPQ = 0.99
    Using threshold L0 at QPQ2 = 0.9939031789096724  and threshold L1 at QPQ2 = 0.9939031789096724
Simulation number = 0
Simulation using numplayers = 64  numclusters =  8  numLiars =  1  betafactor =  1.05  and historyLen =  200
    Using historyLen at QPQ =  200
    Using historyLen L0 at QPQ2 = 800  and historyLen L1 at QPQ2 = 800
    Using threshold at QPQ = 0.9921908390617783
    Using threshold L0 at QPQ2 = 0.9952409491603623  and threshold L1 at QPQ2 = 0.9952409491603623
Simulation number = 0
Simulation using numplayers = 64  numclusters =  8  numLiars =  1  betafactor =  1.05  and historyLen =  300
    Using historyLen at QPQ =  300
    Using historyLen L0 at QPQ2 = 1200  and historyLen L1 at QPQ2 = 1200
    Using threshold at QPQ = 0.9932433482395518
    Using threshold L0 at QPQ2 = 0.9958832210655824  and threshold L1 at QPQ2 = 0.9958832210655824
Simulation number = 0
Simulation using numplayers = 64  numclusters =  8  numLiars =  1  betafactor =  1.05  and historyLen =  100
    Using historyLen at QPQ =  100
    Using historyLen L0 at QPQ2 = 400  and historyLen L1 at QPQ2 = 400
    Using threshold at QPQ = 0.99
    Using threshold L0 at QPQ2 = 0.9939031789096724  and threshold L1 at QPQ2 = 0.9939031789096724
Simulation number = 0
Simulation using numplayers = 64  numclusters =  8  numLiars =  1  betafactor =  1.05  and historyLen =  200
    Using historyLen at QPQ =  200
    Using historyLen L0 at QPQ2 = 800  and historyLen L1 at QPQ2 = 800
    Using threshold at QPQ = 0.9921908390617783
    Using threshold L0 at QPQ2 = 0.9952409491603623  and threshold L1 at QPQ2 = 0.9952409491603623
Simulation number = 0
Simulation using numplayers = 64  numclusters =  8  numLiars =  1  betafactor =  1.05  and historyLen =  300
    Using historyLen at QPQ =  300
    Using historyLen L0 at QPQ2 = 1200  and historyLen L1 at QPQ2 = 1200
    Using threshold at QPQ = 0.9932433482395518
    Using threshold L0 at QPQ2 = 0.9958832210655824  and threshold L1 at QPQ2 = 0.9958832210655824
Simulation number = 0
Simulation using numplayers = 64  numclusters =  8  numLiars =  1  betafactor =  1.05  and historyLen =  100
    Using historyLen at QPQ =  100
    Using historyLen L0 at QPQ2 = 400  and historyLen L1 at QPQ2 = 400
    Using threshold at QPQ = 0.99
    Using threshold L0 at QPQ2 = 0.9939031789096724  and threshold L1 at QPQ2 = 0.9939031789096724
Simulation number = 0
Simulation using numplayers = 64  numclusters =  8  numLiars =  1  betafactor =  1.05  and historyLen =  200
    Using historyLen at QPQ =  200
    Using historyLen L0 at QPQ2 = 800  and historyLen L1 at QPQ2 = 800
    Using threshold at QPQ = 0.9921908390617783
    Using threshold L0 at QPQ2 = 0.9952409491603623  and threshold L1 at QPQ2 = 0.9952409491603623
Simulation number = 0
Simulation using numplayers = 64  numclusters =  8  numLiars =  1  betafactor =  1.05  and historyLen =  300
    Using historyLen at QPQ =  300
    Using historyLen L0 at QPQ2 = 1200  and historyLen L1 at QPQ2 = 1200
    Using threshold at QPQ = 0.9932433482395518
    Using threshold L0 at QPQ2 = 0.9958832210655824  and threshold L1 at QPQ2 = 0.9958832210655824
Simulation number = 0
Simulation using numplayers = 64  numclusters =  8  numLiars =  1  betafactor =  1.05  and historyLen =  100
    Using historyLen at QPQ =  100
    Using historyLen L0 at QPQ2 = 400  and historyLen L1 at QPQ2 = 400
    Using threshold at QPQ = 0.99
    Using threshold L0 at QPQ2 = 0.9939031789096724  and threshold L1 at QPQ2 = 0.9939031789096724
Simulation number = 0
Simulation using numplayers = 64  numclusters =  8  numLiars =  1  betafactor =  1.05  and historyLen =  200
    Using historyLen at QPQ =  200
    Using historyLen L0 at QPQ2 = 800  and historyLen L1 at QPQ2 = 800
    Using threshold at QPQ = 0.9921908390617783
    Using threshold L0 at QPQ2 = 0.9952409491603623  and threshold L1 at QPQ2 = 0.9952409491603623
Simulation number = 0
Simulation using numplayers = 64  numclusters =  8  numLiars =  1  betafactor =  1.05  and historyLen =  300
    Using historyLen at QPQ =  300
    Using historyLen L0 at QPQ2 = 1200  and historyLen L1 at QPQ2 = 1200
    Using threshold at QPQ = 0.9932433482395518
    Using threshold L0 at QPQ2 = 0.9958832210655824  and threshold L1 at QPQ2 = 0.9958832210655824
Simulation number = 0
Simulation using numplayers = 64  numclusters =  8  numLiars =  1  betafactor =  1.05  and historyLen =  100
    Using historyLen at QPQ =  100
    Using historyLen L0 at QPQ2 = 400  and historyLen L1 at QPQ2 = 400
    Using threshold at QPQ = 0.99
    Using threshold L0 at QPQ2 = 0.9939031789096724  and threshold L1 at QPQ2 = 0.9939031789096724
Simulation number = 0
Simulation using numplayers = 64  numclusters =  8  numLiars =  1  betafactor =  1.05  and historyLen =  200
    Using historyLen at QPQ =  200
    Using historyLen L0 at QPQ2 = 800  and historyLen L1 at QPQ2 = 800
    Using threshold at QPQ = 0.9921908390617783
    Using threshold L0 at QPQ2 = 0.9952409491603623  and threshold L1 at QPQ2 = 0.9952409491603623
Simulation number = 0
Simulation using numplayers = 64  numclusters =  8  numLiars =  1  betafactor =  1.05  and historyLen =  300
    Using historyLen at QPQ =  300
    Using historyLen L0 at QPQ2 = 1200  and historyLen L1 at QPQ2 = 1200
    Using threshold at QPQ = 0.9932433482395518
    Using threshold L0 at QPQ2 = 0.9958832210655824  and threshold L1 at QPQ2 = 0.9958832210655824
Simulation number = 0
Simulation using numplayers = 64  numclusters =  8  numLiars =  1  betafactor =  1.05  and historyLen =  100
    Using historyLen at QPQ =  100
    Using historyLen L0 at QPQ2 = 400  and historyLen L1 at QPQ2 = 400
    Using threshold at QPQ = 0.99
    Using threshold L0 at QPQ2 = 0.9939031789096724  and threshold L1 at QPQ2 = 0.9939031789096724
Simulation number = 0
Simulation using numplayers = 64  numclusters =  8  numLiars =  1  betafactor =  1.05  and historyLen =  200
    Using historyLen at QPQ =  200
    Using historyLen L0 at QPQ2 = 800  and historyLen L1 at QPQ2 = 800
    Using threshold at QPQ = 0.9921908390617783
    Using threshold L0 at QPQ2 = 0.9952409491603623  and threshold L1 at QPQ2 = 0.9952409491603623
Simulation number = 0
Simulation using numplayers = 64  numclusters =  8  numLiars =  1  betafactor =  1.05  and historyLen =  300
    Using historyLen at QPQ =  300
    Using historyLen L0 at QPQ2 = 1200  and historyLen L1 at QPQ2 = 1200
    Using threshold at QPQ = 0.9932433482395518
    Using threshold L0 at QPQ2 = 0.9958832210655824  and threshold L1 at QPQ2 = 0.9958832210655824
Simulation number = 0
Simulation using numplayers = 64  numclusters =  8  numLiars =  1  betafactor =  1.05  and historyLen =  100
    Using historyLen at QPQ =  100
    Using historyLen L0 at QPQ2 = 400  and historyLen L1 at QPQ2 = 400