Simulation using numplayers = 256  numclusters =  8  numLiars =  1  betafactor =  1.2  and historyLen =  100
    Using historyLen at QPQ =  100
    Using historyLen L0 at QPQ2 = 640  and historyLen L1 at QPQ2 = 640
    Using threshold at QPQ = 0.97 , expected FN probability [31m 0.030000000000000027 [0m
    Using threshold L0 at QPQ2 = 0.9848857801796105  and threshold L1 at QPQ2 = 0.9848857801796105 , expected FN probability [31m 0.030000000000000027 [0m
Simulation number = 0
Simulation using numplayers = 256  numclusters =  8  numLiars =  1  betafactor =  1.2  and historyLen =  100
    Using historyLen at QPQ =  100
    Using historyLen L0 at QPQ2 = 640  and historyLen L1 at QPQ2 = 640
    Using threshold at QPQ = 0.97 , expected FN probability [31m 0.030000000000000027 [0m
    Using threshold L0 at QPQ2 = 0.9848857801796105  and threshold L1 at QPQ2 = 0.9848857801796105 , expected FN probability [31m 0.030000000000000027 [0m
Simulation number = 0
Simulation using numplayers = 256  numclusters =  8  numLiars =  1  betafactor =  1.2  and historyLen =  100
    Using historyLen at QPQ =  100
    Using historyLen L0 at QPQ2 = 640  and historyLen L1 at QPQ2 = 640
    Using threshold at QPQ = 0.97 , expected FN probability [31m 0.030000000000000027 [0m
    Using threshold L0 at QPQ2 = 0.9848857801796105  and threshold L1 at QPQ2 = 0.9848857801796105 , expected FN probability [31m 0.030000000000000027 [0m
Simulation number = 0
Simulation using numplayers = 256  numclusters =  8  numLiars =  1  betafactor =  1.2  and historyLen =  100
    Using historyLen at QPQ =  100
    Using historyLen L0 at QPQ2 = 640  and historyLen L1 at QPQ2 = 640
    Using threshold at QPQ = 0.97 , expected FN probability [31m 0.030000000000000027 [0m
    Using threshold L0 at QPQ2 = 0.9848857801796105  and threshold L1 at QPQ2 = 0.9848857801796105 , expected FN probability [31m 0.030000000000000027 [0m
Simulation number = 0
Simulation using numplayers = 256  numclusters =  8  numLiars =  1  betafactor =  1.2  and historyLen =  100
    Using historyLen at QPQ =  100
    Using historyLen L0 at QPQ2 = 640  and historyLen L1 at QPQ2 = 640
    Using threshold at QPQ = 0.97 , expected FN probability [31m 0.030000000000000027 [0m
    Using threshold L0 at QPQ2 = 0.9848857801796105  and threshold L1 at QPQ2 = 0.9848857801796105 , expected FN probability [31m 0.030000000000000027 [0m
Simulation number = 0
Simulation using numplayers = 256  numclusters =  8  numLiars =  1  betafactor =  1.2  and historyLen =  100
    Using historyLen at QPQ =  100
    Using historyLen L0 at QPQ2 = 640  and historyLen L1 at QPQ2 = 640
    Using threshold at QPQ = 0.97 , expected FN probability [31m 0.030000000000000027 [0m
    Using threshold L0 at QPQ2 = 0.9848857801796105  and threshold L1 at QPQ2 = 0.9848857801796105 , expected FN probability [31m 0.030000000000000027 [0m
Simulation number = 0
Simulation using numplayers = 256  numclusters =  8  numLiars =  1  betafactor =  1.2  and historyLen =  100
    Using historyLen at QPQ =  100
    Using historyLen L0 at QPQ2 = 640  and historyLen L1 at QPQ2 = 640
    Using threshold at QPQ = 0.97 , expected FN probability [31m 0.030000000000000027 [0m
    Using threshold L0 at QPQ2 = 0.9848857801796105  and threshold L1 at QPQ2 = 0.9848857801796105 , expected FN probability [31m 0.030000000000000027 [0m
Simulation number = 0
Simulation using numplayers = 256  numclusters =  8  numLiars =  1  betafactor =  1.2  and historyLen =  100
    Using historyLen at QPQ =  100
    Using historyLen L0 at QPQ2 = 640  and historyLen L1 at QPQ2 = 640
    Using threshold at QPQ = 0.97 , expected FN probability [31m 0.030000000000000027 [0m
    Using threshold L0 at QPQ2 = 0.9848857801796105  and threshold L1 at QPQ2 = 0.9848857801796105 , expected FN probability [31m 0.030000000000000027 [0m
Simulation number = 0
Simulation using numplayers = 256  numclusters =  32  numLiars =  1  betafactor =  1.2  and historyLen =  100
    Using historyLen at QPQ =  100
    Using historyLen L0 at QPQ2 = 640  and historyLen L1 at QPQ2 = 640
    Using threshold at QPQ = 0.97 , expected FN probability [31m 0.030000000000000027 [0m
    Using threshold L0 at QPQ2 = 0.9848857801796105  and threshold L1 at QPQ2 = 0.9848857801796105 , expected FN probability [31m 0.030000000000000027 [0m
Simulation number = 0
Simulation using numplayers = 256  numclusters =  8  numLiars =  1  betafactor =  1.2  and historyLen =  100
    Using historyLen at QPQ =  100
    Using historyLen L0 at QPQ2 = 640  and historyLen L1 at QPQ2 = 640
    Using threshold at QPQ = 0.97 , expected FN probability [31m 0.030000000000000027 [0m
    Using threshold L0 at QPQ2 = 0.9848857801796105  and threshold L1 at QPQ2 = 0.9848857801796105 , expected FN probability [31m 0.030000000000000027 [0m
Simulation number = 0
Simulation using numplayers = 256  numclusters =  32  numLiars =  1  betafactor =  1.2  and historyLen =  100
    Using historyLen at QPQ =  100
    Using historyLen L0 at QPQ2 = 640  and historyLen L1 at QPQ2 = 640
    Using threshold at QPQ = 0.97 , expected FN probability [31m 0.030000000000000027 [0m
    Using threshold L0 at QPQ2 = 0.9848857801796105  and threshold L1 at QPQ2 = 0.9848857801796105 , expected FN probability [31m 0.030000000000000027 [0m
Simulation number = 0
Simulation using numplayers = 256  numclusters =  32  numLiars =  1  betafactor =  1.2  and historyLen =  100
    Using historyLen at QPQ =  100
    Using historyLen L0 at QPQ2 = 640  and historyLen L1 at QPQ2 = 640
    Using threshold at QPQ = 0.97 , expected FN probability [31m 0.030000000000000027 [0m
    Using threshold L0 at QPQ2 = 0.9848857801796105  and threshold L1 at QPQ2 = 0.9848857801796105 , expected FN probability [31m 0.030000000000000027 [0m
Simulation number = 0
Simulation using numplayers = 256  numclusters =  32  numLiars =  1  betafactor =  1.2  and historyLen =  100
    Using historyLen at QPQ =  100
    Using historyLen L0 at QPQ2 = 640  and historyLen L1 at QPQ2 = 640
    Using threshold at QPQ = 0.97 , expected FN probability [31m 0.030000000000000027 [0m
    Using threshold L0 at QPQ2 = 0.9848857801796105  and threshold L1 at QPQ2 = 0.9848857801796105 , expected FN probability [31m 0.030000000000000027 [0m
Simulation number = 0
Simulation using numplayers = 256  numclusters =  32  numLiars =  1  betafactor =  1.2  and historyLen =  100
    Using historyLen at QPQ =  100
    Using historyLen L0 at QPQ2 = 640  and historyLen L1 at QPQ2 = 640
    Using threshold at QPQ = 0.97 , expected FN probability [31m 0.030000000000000027 [0m
    Using threshold L0 at QPQ2 = 0.9848857801796105  and threshold L1 at QPQ2 = 0.9848857801796105 , expected FN probability [31m 0.030000000000000027 [0m
Simulation number = 0
Simulation using numplayers = 256  numclusters =  32  numLiars =  1  betafactor =  1.2  and historyLen =  100
    Using historyLen at QPQ =  100
    Using historyLen L0 at QPQ2 = 640  and historyLen L1 at QPQ2 = 640
    Using threshold at QPQ = 0.97 , expected FN probability [31m 0.030000000000000027 [0m
    Using threshold L0 at QPQ2 = 0.9848857801796105  and threshold L1 at QPQ2 = 0.9848857801796105 , expected FN probability [31m 0.030000000000000027 [0m
Simulation number = 0
Simulation using numplayers = 256  numclusters =  32  numLiars =  1  betafactor =  1.2  and historyLen =  100
    Using historyLen at QPQ =  100
    Using historyLen L0 at QPQ2 = 640  and historyLen L1 at QPQ2 = 640
    Using threshold at QPQ = 0.97 , expected FN probability [31m 0.030000000000000027 [0m
    Using threshold L0 at QPQ2 = 0.9848857801796105  and threshold L1 at QPQ2 = 0.9848857801796105 , expected FN probability [31m 0.030000000000000027 [0m
Simulation number = 0
Simulation using numplayers = 256  numclusters =  32  numLiars =  1  betafactor =  1.2  and historyLen =  100
    Using historyLen at QPQ =  100
    Using historyLen L0 at QPQ2 = 640  and historyLen L1 at QPQ2 = 640
    Using threshold at QPQ = 0.97 , expected FN probability [31m 0.030000000000000027 [0m
    Using threshold L0 at QPQ2 = 0.9848857801796105  and threshold L1 at QPQ2 = 0.9848857801796105 , expected FN probability [31m 0.030000000000000027 [0m
Simulation number = 0
Simulation using numplayers = 256  numclusters =  8  numLiars =  1  betafactor =  1.2  and historyLen =  100
    Using historyLen at QPQ =  100
    Using historyLen L0 at QPQ2 = 640  and historyLen L1 at QPQ2 = 640
    Using threshold at QPQ = 0.97 , expected FN probability [31m 0.030000000000000027 [0m
    Using threshold L0 at QPQ2 = 0.9848857801796105  and threshold L1 at QPQ2 = 0.9848857801796105 , expected FN probability [31m 0.030000000000000027 [0m
Simulation number = 0
Simulation using numplayers = 256  numclusters =  32  numLiars =  1  betafactor =  1.2  and historyLen =  100
    Using historyLen at QPQ =  100
    Using historyLen L0 at QPQ2 = 640  and historyLen L1 at QPQ2 = 640
    Using threshold at QPQ = 0.97 , expected FN probability [31m 0.030000000000000027 [0m
    Using threshold L0 at QPQ2 = 0.9848857801796105  and threshold L1 at QPQ2 = 0.9848857801796105 , expected FN probability [31m 0.030000000000000027 [0m
Simulation number = 0
Simulation using numplayers = 256  numclusters =  32  numLiars =  1  betafactor =  1.2  and historyLen =  100
    Using historyLen at QPQ =  100
    Using historyLen L0 at QPQ2 = 640  and historyLen L1 at QPQ2 = 640
    Using threshold at QPQ = 0.97 , expected FN probability [31m 0.030000000000000027 [0m
    Using threshold L0 at QPQ2 = 0.9848857801796105  and threshold L1 at QPQ2 = 0.9848857801796105 , expected FN probability [31m 0.030000000000000027 [0m
Simulation number = 0
Simulation using numplayers = 256  numclusters =  16  numLiars =  1  betafactor =  1.2  and historyLen =  100
    Using historyLen at QPQ =  100
    Using historyLen L0 at QPQ2 = 800  and historyLen L1 at QPQ2 = 800
    Using threshold at QPQ = 0.97 , expected FN probability [31m 0.030000000000000027 [0m
    Using threshold L0 at QPQ2 = 0.9848857801796105  and threshold L1 at QPQ2 = 0.9848857801796105 , expected FN probability [31m 0.030000000000000027 [0m
Simulation number = 0
Simulation using numplayers = 256  numclusters =  32  numLiars =  1  betafactor =  1.2  and historyLen =  100
    Using historyLen at QPQ =  100
    Using historyLen L0 at QPQ2 = 640  and historyLen L1 at QPQ2 = 640
    Using threshold at QPQ = 0.97 , expected FN probability [31m 0.030000000000000027 [0m
    Using threshold L0 at QPQ2 = 0.9848857801796105  and threshold L1 at QPQ2 = 0.9848857801796105 , expected FN probability [31m 0.030000000000000027 [0m
Simulation number = 0
Simulation using numplayers = 256  numclusters =  8  numLiars =  1  betafactor =  1.2  and historyLen =  100
    Using historyLen at QPQ =  100
    Using historyLen L0 at QPQ2 = 640  and historyLen L1 at QPQ2 = 640
    Using threshold at QPQ = 0.97 , expected FN probability [31m 0.030000000000000027 [0m
    Using threshold L0 at QPQ2 = 0.9848857801796105  and threshold L1 at QPQ2 = 0.9848857801796105 , expected FN probability [31m 0.030000000000000027 [0m
Simulation number = 0
Simulation using numplayers = 256  numclusters =  16  numLiars =  1  betafactor =  1.2  and historyLen =  100
    Using historyLen at QPQ =  100
    Using historyLen L0 at QPQ2 = 800  and historyLen L1 at QPQ2 = 800
    Using threshold at QPQ = 0.97 , expected FN probability [31m 0.030000000000000027 [0m
    Using threshold L0 at QPQ2 = 0.9848857801796105  and threshold L1 at QPQ2 = 0.9848857801796105 , expected FN probability [31m 0.030000000000000027 [0m
Simulation number = 0
Simulation using numplayers = 256  numclusters =  32  numLiars =  1  betafactor =  1.2  and historyLen =  100
    Using historyLen at QPQ =  100
    Using historyLen L0 at QPQ2 = 640  and historyLen L1 at QPQ2 = 640
    Using threshold at QPQ = 0.97 , expected FN probability [31m 0.030000000000000027 [0m
    Using threshold L0 at QPQ2 = 0.9848857801796105  and threshold L1 at QPQ2 = 0.9848857801796105 , expected FN probability [31m 0.030000000000000027 [0m
Simulation number = 0
Simulation using numplayers = 256  numclusters =  8  numLiars =  1  betafactor =  1.2  and historyLen =  100
    Using historyLen at QPQ =  100
    Using historyLen L0 at QPQ2 = 640  and historyLen L1 at QPQ2 = 640
    Using threshold at QPQ = 0.97 , expected FN probability [31m 0.030000000000000027 [0m
    Using threshold L0 at QPQ2 = 0.9848857801796105  and threshold L1 at QPQ2 = 0.9848857801796105 , expected FN probability [31m 0.030000000000000027 [0m
Simulation number = 0
Simulation using numplayers = 256  numclusters =  16  numLiars =  1  betafactor =  1.2  and historyLen =  100
    Using historyLen at QPQ =  100
    Using historyLen L0 at QPQ2 = 800  and historyLen L1 at QPQ2 = 800
    Using threshold at QPQ = 0.97 , expected FN probability [31m 0.030000000000000027 [0m
    Using threshold L0 at QPQ2 = 0.9848857801796105  and threshold L1 at QPQ2 = 0.9848857801796105 , expected FN probability [31m 0.030000000000000027 [0m
Simulation number = 0
Simulation using numplayers = 256  numclusters =  32  numLiars =  1  betafactor =  1.2  and historyLen =  100
    Using historyLen at QPQ =  100
    Using historyLen L0 at QPQ2 = 640  and historyLen L1 at QPQ2 = 640
    Using threshold at QPQ = 0.97 , expected FN probability [31m 0.030000000000000027 [0m
    Using threshold L0 at QPQ2 = 0.9848857801796105  and threshold L1 at QPQ2 = 0.9848857801796105 , expected FN probability [31m 0.030000000000000027 [0m
Simulation number = 0
Simulation using numplayers = 256  numclusters =  8  numLiars =  1  betafactor =  1.2  and historyLen =  100
    Using historyLen at QPQ =  100
    Using historyLen L0 at QPQ2 = 640  and historyLen L1 at QPQ2 = 640
    Using threshold at QPQ = 0.97 , expected FN probability [31m 0.030000000000000027 [0m
    Using threshold L0 at QPQ2 = 0.9848857801796105  and threshold L1 at QPQ2 = 0.9848857801796105 , expected FN probability [31m 0.030000000000000027 [0m
Simulation number = 0
Simulation using numplayers = 256  numclusters =  16  numLiars =  1  betafactor =  1.2  and historyLen =  100
    Using historyLen at QPQ =  100
    Using historyLen L0 at QPQ2 = 800  and historyLen L1 at QPQ2 = 800
    Using threshold at QPQ = 0.97 , expected FN probability [31m 0.030000000000000027 [0m
    Using threshold L0 at QPQ2 = 0.9848857801796105  and threshold L1 at QPQ2 = 0.9848857801796105 , expected FN probability [31m 0.030000000000000027 [0m
Simulation number = 0
Simulation using numplayers = 256  numclusters =  32  numLiars =  1  betafactor =  1.2  and historyLen =  100
    Using historyLen at QPQ =  100
    Using historyLen L0 at QPQ2 = 640  and historyLen L1 at QPQ2 = 640
    Using threshold at QPQ = 0.97 , expected FN probability [31m 0.030000000000000027 [0m
    Using threshold L0 at QPQ2 = 0.9848857801796105  and threshold L1 at QPQ2 = 0.9848857801796105 , expected FN probability [31m 0.030000000000000027 [0m
Simulation number = 0
Simulation using numplayers = 256  numclusters =  8  numLiars =  1  betafactor =  1.2  and historyLen =  100
    Using historyLen at QPQ =  100
    Using historyLen L0 at QPQ2 = 640  and historyLen L1 at QPQ2 = 640
    Using threshold at QPQ = 0.97 , expected FN probability [31m 0.030000000000000027 [0m
    Using threshold L0 at QPQ2 = 0.9848857801796105  and threshold L1 at QPQ2 = 0.9848857801796105 , expected FN probability [31m 0.030000000000000027 [0m
Simulation number = 0
Simulation using numplayers = 256  numclusters =  16  numLiars =  1  betafactor =  1.2  and historyLen =  100
    Using historyLen at QPQ =  100
    Using historyLen L0 at QPQ2 = 800  and historyLen L1 at QPQ2 = 800
    Using threshold at QPQ = 0.97 , expected FN probability [31m 0.030000000000000027 [0m
    Using threshold L0 at QPQ2 = 0.9848857801796105  and threshold L1 at QPQ2 = 0.9848857801796105 , expected FN probability [31m 0.030000000000000027 [0m
Simulation number = 0
Simulation using numplayers = 256  numclusters =  32  numLiars =  1  betafactor =  1.2  and historyLen =  100
    Using historyLen at QPQ =  100
    Using historyLen L0 at QPQ2 = 640  and historyLen L1 at QPQ2 = 640
    Using threshold at QPQ = 0.97 , expected FN probability [31m 0.030000000000000027 [0m
    Using threshold L0 at QPQ2 = 0.9848857801796105  and threshold L1 at QPQ2 = 0.9848857801796105 , expected FN probability [31m 0.030000000000000027 [0m
Simulation number = 0
Simulation using numplayers = 256  numclusters =  8  numLiars =  1  betafactor =  1.2  and historyLen =  100
    Using historyLen at QPQ =  100
    Using historyLen L0 at QPQ2 = 640  and historyLen L1 at QPQ2 = 640
    Using threshold at QPQ = 0.97 , expected FN probability [31m 0.030000000000000027 [0m
    Using threshold L0 at QPQ2 = 0.9848857801796105  and threshold L1 at QPQ2 = 0.9848857801796105 , expected FN probability [31m 0.030000000000000027 [0m
Simulation number = 0
Simulation using numplayers = 256  numclusters =  16  numLiars =  1  betafactor =  1.2  and historyLen =  100
    Using historyLen at QPQ =  100
    Using historyLen L0 at QPQ2 = 800  and historyLen L1 at QPQ2 = 800
    Using threshold at QPQ = 0.97 , expected FN probability [31m 0.030000000000000027 [0m
    Using threshold L0 at QPQ2 = 0.9848857801796105  and threshold L1 at QPQ2 = 0.9848857801796105 , expected FN probability [31m 0.030000000000000027 [0m
Simulation number = 0
Simulation using numplayers = 256  numclusters =  32  numLiars =  1  betafactor =  1.2  and historyLen =  100
    Using historyLen at QPQ =  100
    Using historyLen L0 at QPQ2 = 640  and historyLen L1 at QPQ2 = 640
    Using threshold at QPQ = 0.97 , expected FN probability [31m 0.030000000000000027 [0m
    Using threshold L0 at QPQ2 = 0.9848857801796105  and threshold L1 at QPQ2 = 0.9848857801796105 , expected FN probability [31m 0.030000000000000027 [0m
Simulation number = 0
Simulation using numplayers = 256  numclusters =  8  numLiars =  1  betafactor =  1.2  and historyLen =  100
    Using historyLen at QPQ =  100
    Using historyLen L0 at QPQ2 = 640  and historyLen L1 at QPQ2 = 640
    Using threshold at QPQ = 0.97 , expected FN probability [31m 0.030000000000000027 [0m
    Using threshold L0 at QPQ2 = 0.9848857801796105  and threshold L1 at QPQ2 = 0.9848857801796105 , expected FN probability [31m 0.030000000000000027 [0m
Simulation number = 0
Simulation using numplayers = 256  numclusters =  16  numLiars =  1  betafactor =  1.2  and historyLen =  100
    Using historyLen at QPQ =  100
    Using historyLen L0 at QPQ2 = 800  and historyLen L1 at QPQ2 = 800
    Using threshold at QPQ = 0.97 , expected FN probability [31m 0.030000000000000027 [0m
    Using threshold L0 at QPQ2 = 0.9848857801796105  and threshold L1 at QPQ2 = 0.9848857801796105 , expected FN probability [31m 0.030000000000000027 [0m
Simulation number = 0
Simulation using numplayers = 256  numclusters =  32  numLiars =  1  betafactor =  1.2  and historyLen =  100
    Using historyLen at QPQ =  100
    Using historyLen L0 at QPQ2 = 640  and historyLen L1 at QPQ2 = 640
    Using threshold at QPQ = 0.97 , expected FN probability [31m 0.030000000000000027 [0m
    Using threshold L0 at QPQ2 = 0.9848857801796105  and threshold L1 at QPQ2 = 0.9848857801796105 , expected FN probability [31m 0.030000000000000027 [0m
Simulation number = 0
Simulation using numplayers = 256  numclusters =  8  numLiars =  1  betafactor =  1.2  and historyLen =  100
    Using historyLen at QPQ =  100
    Using historyLen L0 at QPQ2 = 640  and historyLen L1 at QPQ2 = 640
    Using threshold at QPQ = 0.97 , expected FN probability [31m 0.030000000000000027 [0m
    Using threshold L0 at QPQ2 = 0.9848857801796105  and threshold L1 at QPQ2 = 0.9848857801796105 , expected FN probability [31m 0.030000000000000027 [0m
Simulation number = 0
Simulation using numplayers = 256  numclusters =  16  numLiars =  1  betafactor =  1.2  and historyLen =  100
    Using historyLen at QPQ =  100
    Using historyLen L0 at QPQ2 = 800  and historyLen L1 at QPQ2 = 800
    Using threshold at QPQ = 0.97 , expected FN probability [31m 0.030000000000000027 [0m
    Using threshold L0 at QPQ2 = 0.9848857801796105  and threshold L1 at QPQ2 = 0.9848857801796105 , expected FN probability [31m 0.030000000000000027 [0m
Simulation number = 0
Simulation using numplayers = 256  numclusters =  32  numLiars =  1  betafactor =  1.2  and historyLen =  100
    Using historyLen at QPQ =  100
    Using historyLen L0 at QPQ2 = 640  and historyLen L1 at QPQ2 = 640
    Using threshold at QPQ = 0.97 , expected FN probability [31m 0.030000000000000027 [0m
    Using threshold L0 at QPQ2 = 0.9848857801796105  and threshold L1 at QPQ2 = 0.9848857801796105 , expected FN probability [31m 0.030000000000000027 [0m
Simulation number = 0
Simulation using numplayers = 256  numclusters =  8  numLiars =  1  betafactor =  1.2  and historyLen =  100
    Using historyLen at QPQ =  100
    Using historyLen L0 at QPQ2 = 640  and historyLen L1 at QPQ2 = 640
    Using threshold at QPQ = 0.97 , expected FN probability [31m 0.030000000000000027 [0m
    Using threshold L0 at QPQ2 = 0.9848857801796105  and threshold L1 at QPQ2 = 0.9848857801796105 , expected FN probability [31m 0.030000000000000027 [0m
Simulation number = 0
Simulation using numplayers = 256  numclusters =  16  numLiars =  1  betafactor =  1.2  and historyLen =  100
    Using historyLen at QPQ =  100
    Using historyLen L0 at QPQ2 = 800  and historyLen L1 at QPQ2 = 800
    Using threshold at QPQ = 0.97 , expected FN probability [31m 0.030000000000000027 [0m
    Using threshold L0 at QPQ2 = 0.9848857801796105  and threshold L1 at QPQ2 = 0.9848857801796105 , expected FN probability [31m 0.030000000000000027 [0m
Simulation number = 0
Simulation using numplayers = 256  numclusters =  32  numLiars =  1  betafactor =  1.2  and historyLen =  100
    Using historyLen at QPQ =  100
    Using historyLen L0 at QPQ2 = 640  and historyLen L1 at QPQ2 = 640
    Using threshold at QPQ = 0.97 , expected FN probability [31m 0.030000000000000027 [0m
    Using threshold L0 at QPQ2 = 0.9848857801796105  and threshold L1 at QPQ2 = 0.9848857801796105 , expected FN probability [31m 0.030000000000000027 [0m
Simulation number = 0
Simulation using numplayers = 256  numclusters =  8  numLiars =  1  betafactor =  1.2  and historyLen =  100
    Using historyLen at QPQ =  100
    Using historyLen L0 at QPQ2 = 640  and historyLen L1 at QPQ2 = 640
    Using threshold at QPQ = 0.97 , expected FN probability [31m 0.030000000000000027 [0m
    Using threshold L0 at QPQ2 = 0.9848857801796105  and threshold L1 at QPQ2 = 0.9848857801796105 , expected FN probability [31m 0.030000000000000027 [0m
Simulation number = 0
Simulation using numplayers = 256  numclusters =  16  numLiars =  1  betafactor =  1.2  and historyLen =  100
    Using historyLen at QPQ =  100
    Using historyLen L0 at QPQ2 = 800  and historyLen L1 at QPQ2 = 800
    Using threshold at QPQ = 0.97 , expected FN probability [31m 0.030000000000000027 [0m
    Using threshold L0 at QPQ2 = 0.9848857801796105  and threshold L1 at QPQ2 = 0.9848857801796105 , expected FN probability [31m 0.030000000000000027 [0m
Simulation number = 0
Simulation using numplayers = 256  numclusters =  32  numLiars =  1  betafactor =  1.2  and historyLen =  100
    Using historyLen at QPQ =  100
    Using historyLen L0 at QPQ2 = 640  and historyLen L1 at QPQ2 = 640
    Using threshold at QPQ = 0.97 , expected FN probability [31m 0.030000000000000027 [0m
    Using threshold L0 at QPQ2 = 0.9848857801796105  and threshold L1 at QPQ2 = 0.9848857801796105 , expected FN probability [31m 0.030000000000000027 [0m
Simulation number = 0
Simulation using numplayers = 256  numclusters =  8  numLiars =  1  betafactor =  1.2  and historyLen =  100
    Using historyLen at QPQ =  100
    Using historyLen L0 at QPQ2 = 640  and historyLen L1 at QPQ2 = 640
    Using threshold at QPQ = 0.97 , expected FN probability [31m 0.030000000000000027 [0m
    Using threshold L0 at QPQ2 = 0.9848857801796105  and threshold L1 at QPQ2 = 0.9848857801796105 , expected FN probability [31m 0.030000000000000027 [0m
Simulation number = 0
Simulation using numplayers = 256  numclusters =  128  numLiars =  1  betafactor =  1.2  and historyLen =  100
    Using historyLen at QPQ =  100
    Using historyLen L0 at QPQ2 = 196  and historyLen L1 at QPQ2 = 196
    Using threshold at QPQ = 0.97 , expected FN probability [31m 0.030000000000000027 [0m
    Using threshold L0 at QPQ2 = 0.9848857801796105  and threshold L1 at QPQ2 = 0.9848857801796105 , expected FN probability [31m 0.030000000000000027 [0m
Simulation number = 0
Simulation using numplayers = 256  numclusters =  64  numLiars =  1  betafactor =  1.2  and historyLen =  100
    Using historyLen at QPQ =  100
    Using historyLen L0 at QPQ2 = 376  and historyLen L1 at QPQ2 = 376
    Using threshold at QPQ = 0.97 , expected FN probability [31m 0.030000000000000027 [0m
    Using threshold L0 at QPQ2 = 0.9848857801796105  and threshold L1 at QPQ2 = 0.9848857801796105 , expected FN probability [31m 0.030000000000000027 [0m
Simulation number = 0
Simulation using numplayers = 256  numclusters =  32  numLiars =  1  betafactor =  1.2  and historyLen =  100
    Using historyLen at QPQ =  100
    Using historyLen L0 at QPQ2 = 640  and historyLen L1 at QPQ2 = 640
    Using threshold at QPQ = 0.97 , expected FN probability [31m 0.030000000000000027 [0m
    Using threshold L0 at QPQ2 = 0.9848857801796105  and threshold L1 at QPQ2 = 0.9848857801796105 , expected FN probability [31m 0.030000000000000027 [0m
Simulation number = 0
Simulation using numplayers = 256  numclusters =  16  numLiars =  1  betafactor =  1.2  and historyLen =  100
    Using historyLen at QPQ =  100
    Using historyLen L0 at QPQ2 = 800  and historyLen L1 at QPQ2 = 800
    Using threshold at QPQ = 0.97 , expected FN probability [31m 0.030000000000000027 [0m
    Using threshold L0 at QPQ2 = 0.9848857801796105  and threshold L1 at QPQ2 = 0.9848857801796105 , expected FN probability [31m 0.030000000000000027 [0m
Simulation number = 0
Simulation using numplayers = 256  numclusters =  8  numLiars =  1  betafactor =  1.2  and historyLen =  100
    Using historyLen at QPQ =  100
    Using historyLen L0 at QPQ2 = 640  and historyLen L1 at QPQ2 = 640
    Using threshold at QPQ = 0.97 , expected FN probability [31m 0.030000000000000027 [0m
    Using threshold L0 at QPQ2 = 0.9848857801796105  and threshold L1 at QPQ2 = 0.9848857801796105 , expected FN probability [31m 0.030000000000000027 [0m
Simulation number = 0
Simulation using numplayers = 256  numclusters =  4  numLiars =  1  betafactor =  1.2  and historyLen =  100
    Using historyLen at QPQ =  100
    Using historyLen L0 at QPQ2 = 376  and historyLen L1 at QPQ2 = 376
    Using threshold at QPQ = 0.97 , expected FN probability [31m 0.030000000000000027 [0m
    Using threshold L0 at QPQ2 = 0.9848857801796105  and threshold L1 at QPQ2 = 0.9848857801796105 , expected FN probability [31m 0.030000000000000027 [0m
Simulation number = 0
Simulation using numplayers = 256  numclusters =  128  numLiars =  1  betafactor =  1.2  and historyLen =  100
    Using historyLen at QPQ =  100
    Using historyLen L0 at QPQ2 = 196  and historyLen L1 at QPQ2 = 196
    Using threshold at QPQ = 0.97 , expected FN probability [31m 0.030000000000000027 [0m
    Using threshold L0 at QPQ2 = 0.9848857801796105  and threshold L1 at QPQ2 = 0.9848857801796105 , expected FN probability [31m 0.030000000000000027 [0m
Simulation number = 0
Simulation using numplayers = 256  numclusters =  64  numLiars =  1  betafactor =  1.2  and historyLen =  100
    Using historyLen at QPQ =  100
    Using historyLen L0 at QPQ2 = 376  and historyLen L1 at QPQ2 = 376
    Using threshold at QPQ = 0.97 , expected FN probability [31m 0.030000000000000027 [0m
    Using threshold L0 at QPQ2 = 0.9848857801796105  and threshold L1 at QPQ2 = 0.9848857801796105 , expected FN probability [31m 0.030000000000000027 [0m
Simulation number = 0
Simulation using numplayers = 256  numclusters =  32  numLiars =  1  betafactor =  1.2  and historyLen =  100
    Using historyLen at QPQ =  100
    Using historyLen L0 at QPQ2 = 640  and historyLen L1 at QPQ2 = 640
    Using threshold at QPQ = 0.97 , expected FN probability [31m 0.030000000000000027 [0m
    Using threshold L0 at QPQ2 = 0.9848857801796105  and threshold L1 at QPQ2 = 0.9848857801796105 , expected FN probability [31m 0.030000000000000027 [0m
Simulation number = 0
Simulation using numplayers = 256  numclusters =  16  numLiars =  1  betafactor =  1.2  and historyLen =  100
    Using historyLen at QPQ =  100
    Using historyLen L0 at QPQ2 = 800  and historyLen L1 at QPQ2 = 800
    Using threshold at QPQ = 0.97 , expected FN probability [31m 0.030000000000000027 [0m
    Using threshold L0 at QPQ2 = 0.9848857801796105  and threshold L1 at QPQ2 = 0.9848857801796105 , expected FN probability [31m 0.030000000000000027 [0m
Simulation number = 0
Simulation using numplayers = 256  numclusters =  8  numLiars =  1  betafactor =  1.2  and historyLen =  100
    Using historyLen at QPQ =  100
    Using historyLen L0 at QPQ2 = 640  and historyLen L1 at QPQ2 = 640
    Using threshold at QPQ = 0.97 , expected FN probability [31m 0.030000000000000027 [0m
    Using threshold L0 at QPQ2 = 0.9848857801796105  and threshold L1 at QPQ2 = 0.9848857801796105 , expected FN probability [31m 0.030000000000000027 [0m
Simulation number = 0
Simulation using numplayers = 256  numclusters =  4  numLiars =  1  betafactor =  1.2  and historyLen =  100
    Using historyLen at QPQ =  100
    Using historyLen L0 at QPQ2 = 376  and historyLen L1 at QPQ2 = 376
    Using threshold at QPQ = 0.97 , expected FN probability [31m 0.030000000000000027 [0m
    Using threshold L0 at QPQ2 = 0.9848857801796105  and threshold L1 at QPQ2 = 0.9848857801796105 , expected FN probability [31m 0.030000000000000027 [0m
Simulation number = 0
Simulation using numplayers = 256  numclusters =  128  numLiars =  1  betafactor =  1.2  and historyLen =  100
    Using historyLen at QPQ =  100
    Using historyLen L0 at QPQ2 = 196  and historyLen L1 at QPQ2 = 196
    Using threshold at QPQ = 0.97 , expected FN probability [31m 0.030000000000000027 [0m
    Using threshold L0 at QPQ2 = 0.9848857801796105  and threshold L1 at QPQ2 = 0.9848857801796105 , expected FN probability [31m 0.030000000000000027 [0m
Simulation number = 0
Simulation using numplayers = 256  numclusters =  64  numLiars =  1  betafactor =  1.2  and historyLen =  100
    Using historyLen at QPQ =  100
    Using historyLen L0 at QPQ2 = 376  and historyLen L1 at QPQ2 = 376
    Using threshold at QPQ = 0.97 , expected FN probability [31m 0.030000000000000027 [0m
    Using threshold L0 at QPQ2 = 0.9848857801796105  and threshold L1 at QPQ2 = 0.9848857801796105 , expected FN probability [31m 0.030000000000000027 [0m
Simulation number = 0
Simulation using numplayers = 256  numclusters =  32  numLiars =  1  betafactor =  1.2  and historyLen =  100
    Using historyLen at QPQ =  100
    Using historyLen L0 at QPQ2 = 640  and historyLen L1 at QPQ2 = 640
    Using threshold at QPQ = 0.97 , expected FN probability [31m 0.030000000000000027 [0m
    Using threshold L0 at QPQ2 = 0.9848857801796105  and threshold L1 at QPQ2 = 0.9848857801796105 , expected FN probability [31m 0.030000000000000027 [0m
Simulation number = 0
Simulation using numplayers = 256  numclusters =  16  numLiars =  1  betafactor =  1.2  and historyLen =  100
    Using historyLen at QPQ =  100
    Using historyLen L0 at QPQ2 = 800  and historyLen L1 at QPQ2 = 800
    Using threshold at QPQ = 0.97 , expected FN probability [31m 0.030000000000000027 [0m
    Using threshold L0 at QPQ2 = 0.9848857801796105  and threshold L1 at QPQ2 = 0.9848857801796105 , expected FN probability [31m 0.030000000000000027 [0m
Simulation number = 0
Simulation using numplayers = 256  numclusters =  8  numLiars =  1  betafactor =  1.2  and historyLen =  100
    Using historyLen at QPQ =  100
    Using historyLen L0 at QPQ2 = 640  and historyLen L1 at QPQ2 = 640
    Using threshold at QPQ = 0.97 , expected FN probability [31m 0.030000000000000027 [0m
    Using threshold L0 at QPQ2 = 0.9848857801796105  and threshold L1 at QPQ2 = 0.9848857801796105 , expected FN probability [31m 0.030000000000000027 [0m
Simulation number = 0
Simulation using numplayers = 256  numclusters =  4  numLiars =  1  betafactor =  1.2  and historyLen =  100
    Using historyLen at QPQ =  100
    Using historyLen L0 at QPQ2 = 376  and historyLen L1 at QPQ2 = 376
    Using threshold at QPQ = 0.97 , expected FN probability [31m 0.030000000000000027 [0m
    Using threshold L0 at QPQ2 = 0.9848857801796105  and threshold L1 at QPQ2 = 0.9848857801796105 , expected FN probability [31m 0.030000000000000027 [0m
Simulation number = 0
Simulation using numplayers = 256  numclusters =  128  numLiars =  1  betafactor =  1.2  and historyLen =  100
    Using historyLen at QPQ =  100
    Using historyLen L0 at QPQ2 = 196  and historyLen L1 at QPQ2 = 196
    Using threshold at QPQ = 0.97 , expected FN probability [31m 0.030000000000000027 [0m
    Using threshold L0 at QPQ2 = 0.9848857801796105  and threshold L1 at QPQ2 = 0.9848857801796105 , expected FN probability [31m 0.030000000000000027 [0m
Simulation number = 0
Simulation using numplayers = 256  numclusters =  64  numLiars =  1  betafactor =  1.2  and historyLen =  100
    Using historyLen at QPQ =  100
    Using historyLen L0 at QPQ2 = 376  and historyLen L1 at QPQ2 = 376
    Using threshold at QPQ = 0.97 , expected FN probability [31m 0.030000000000000027 [0m
    Using threshold L0 at QPQ2 = 0.9848857801796105  and threshold L1 at QPQ2 = 0.9848857801796105 , expected FN probability [31m 0.030000000000000027 [0m
Simulation number = 0
Simulation using numplayers = 256  numclusters =  32  numLiars =  1  betafactor =  1.2  and historyLen =  100
    Using historyLen at QPQ =  100
    Using historyLen L0 at QPQ2 = 640  and historyLen L1 at QPQ2 = 640
    Using threshold at QPQ = 0.97 , expected FN probability [31m 0.030000000000000027 [0m
    Using threshold L0 at QPQ2 = 0.9848857801796105  and threshold L1 at QPQ2 = 0.9848857801796105 , expected FN probability [31m 0.030000000000000027 [0m
Simulation number = 0
Simulation using numplayers = 256  numclusters =  16  numLiars =  1  betafactor =  1.2  and historyLen =  100
    Using historyLen at QPQ =  100
    Using historyLen L0 at QPQ2 = 800  and historyLen L1 at QPQ2 = 800
    Using threshold at QPQ = 0.97 , expected FN probability [31m 0.030000000000000027 [0m
    Using threshold L0 at QPQ2 = 0.9848857801796105  and threshold L1 at QPQ2 = 0.9848857801796105 , expected FN probability [31m 0.030000000000000027 [0m
Simulation number = 0
Simulation using numplayers = 256  numclusters =  8  numLiars =  1  betafactor =  1.2  and historyLen =  100
    Using historyLen at QPQ =  100
    Using historyLen L0 at QPQ2 = 640  and historyLen L1 at QPQ2 = 640
    Using threshold at QPQ = 0.97 , expected FN probability [31m 0.030000000000000027 [0m
    Using threshold L0 at QPQ2 = 0.9848857801796105  and threshold L1 at QPQ2 = 0.9848857801796105 , expected FN probability [31m 0.030000000000000027 [0m
Simulation number = 0
Simulation using numplayers = 256  numclusters =  4  numLiars =  1  betafactor =  1.2  and historyLen =  100
    Using historyLen at QPQ =  100
    Using historyLen L0 at QPQ2 = 376  and historyLen L1 at QPQ2 = 376
    Using threshold at QPQ = 0.97 , expected FN probability [31m 0.030000000000000027 [0m
    Using threshold L0 at QPQ2 = 0.9848857801796105  and threshold L1 at QPQ2 = 0.9848857801796105 , expected FN probability [31m 0.030000000000000027 [0m
Simulation number = 0
Simulation using numplayers = 256  numclusters =  128  numLiars =  1  betafactor =  1.2  and historyLen =  100
    Using historyLen at QPQ =  100
    Using historyLen L0 at QPQ2 = 196  and historyLen L1 at QPQ2 = 196
    Using threshold at QPQ = 0.97 , expected FN probability [31m 0.030000000000000027 [0m
    Using threshold L0 at QPQ2 = 0.9848857801796105  and threshold L1 at QPQ2 = 0.9848857801796105 , expected FN probability [31m 0.030000000000000027 [0m
Simulation number = 0
Simulation using numplayers = 256  numclusters =  64  numLiars =  1  betafactor =  1.2  and historyLen =  100
    Using historyLen at QPQ =  100
    Using historyLen L0 at QPQ2 = 376  and historyLen L1 at QPQ2 = 376
    Using threshold at QPQ = 0.97 , expected FN probability [31m 0.030000000000000027 [0m
    Using threshold L0 at QPQ2 = 0.9848857801796105  and threshold L1 at QPQ2 = 0.9848857801796105 , expected FN probability [31m 0.030000000000000027 [0m
Simulation number = 0
Simulation using numplayers = 256  numclusters =  32  numLiars =  1  betafactor =  1.2  and historyLen =  100
    Using historyLen at QPQ =  100
    Using historyLen L0 at QPQ2 = 640  and historyLen L1 at QPQ2 = 640
    Using threshold at QPQ = 0.97 , expected FN probability [31m 0.030000000000000027 [0m
    Using threshold L0 at QPQ2 = 0.9848857801796105  and threshold L1 at QPQ2 = 0.9848857801796105 , expected FN probability [31m 0.030000000000000027 [0m
Simulation number = 0
Simulation using numplayers = 256  numclusters =  16  numLiars =  1  betafactor =  1.2  and historyLen =  100
    Using historyLen at QPQ =  100
    Using historyLen L0 at QPQ2 = 800  and historyLen L1 at QPQ2 = 800
    Using threshold at QPQ = 0.97 , expected FN probability [31m 0.030000000000000027 [0m
    Using threshold L0 at QPQ2 = 0.9848857801796105  and threshold L1 at QPQ2 = 0.9848857801796105 , expected FN probability [31m 0.030000000000000027 [0m
Simulation number = 0
Simulation using numplayers = 256  numclusters =  8  numLiars =  1  betafactor =  1.2  and historyLen =  100
    Using historyLen at QPQ =  100
    Using historyLen L0 at QPQ2 = 640  and historyLen L1 at QPQ2 = 640
    Using threshold at QPQ = 0.97 , expected FN probability [31m 0.030000000000000027 [0m
    Using threshold L0 at QPQ2 = 0.9848857801796105  and threshold L1 at QPQ2 = 0.9848857801796105 , expected FN probability [31m 0.030000000000000027 [0m
Simulation number = 0
Simulation using numplayers = 256  numclusters =  4  numLiars =  1  betafactor =  1.2  and historyLen =  100
    Using historyLen at QPQ =  100
    Using historyLen L0 at QPQ2 = 376  and historyLen L1 at QPQ2 = 376
    Using threshold at QPQ = 0.97 , expected FN probability [31m 0.030000000000000027 [0m
    Using threshold L0 at QPQ2 = 0.9848857801796105  and threshold L1 at QPQ2 = 0.9848857801796105 , expected FN probability [31m 0.030000000000000027 [0m
Simulation number = 0
Simulation using numplayers = 256  numclusters =  128  numLiars =  1  betafactor =  1.2  and historyLen =  100
    Using historyLen at QPQ =  100
    Using historyLen L0 at QPQ2 = 196  and historyLen L1 at QPQ2 = 196
    Using threshold at QPQ = 0.97 , expected FN probability [31m 0.030000000000000027 [0m
    Using threshold L0 at QPQ2 = 0.9848857801796105  and threshold L1 at QPQ2 = 0.9848857801796105 , expected FN probability [31m 0.030000000000000027 [0m
Simulation number = 0
Simulation using numplayers = 256  numclusters =  64  numLiars =  1  betafactor =  1.2  and historyLen =  100
    Using historyLen at QPQ =  100
    Using historyLen L0 at QPQ2 = 376  and historyLen L1 at QPQ2 = 376
    Using threshold at QPQ = 0.97 , expected FN probability [31m 0.030000000000000027 [0m
    Using threshold L0 at QPQ2 = 0.9848857801796105  and threshold L1 at QPQ2 = 0.9848857801796105 , expected FN probability [31m 0.030000000000000027 [0m
Simulation number = 0
Simulation using numplayers = 256  numclusters =  32  numLiars =  1  betafactor =  1.2  and historyLen =  100
    Using historyLen at QPQ =  100
    Using historyLen L0 at QPQ2 = 640  and historyLen L1 at QPQ2 = 640
    Using threshold at QPQ = 0.97 , expected FN probability [31m 0.030000000000000027 [0m
    Using threshold L0 at QPQ2 = 0.9848857801796105  and threshold L1 at QPQ2 = 0.9848857801796105 , expected FN probability [31m 0.030000000000000027 [0m
Simulation number = 0
Simulation using numplayers = 256  numclusters =  16  numLiars =  1  betafactor =  1.2  and historyLen =  100
    Using historyLen at QPQ =  100
    Using historyLen L0 at QPQ2 = 800  and historyLen L1 at QPQ2 = 800
    Using threshold at QPQ = 0.97 , expected FN probability [31m 0.030000000000000027 [0m
    Using threshold L0 at QPQ2 = 0.9848857801796105  and threshold L1 at QPQ2 = 0.9848857801796105 , expected FN probability [31m 0.030000000000000027 [0m
Simulation number = 0
Simulation using numplayers = 256  numclusters =  8  numLiars =  1  betafactor =  1.2  and historyLen =  100
    Using historyLen at QPQ =  100
    Using historyLen L0 at QPQ2 = 640  and historyLen L1 at QPQ2 = 640
    Using threshold at QPQ = 0.97 , expected FN probability [31m 0.030000000000000027 [0m
    Using threshold L0 at QPQ2 = 0.9848857801796105  and threshold L1 at QPQ2 = 0.9848857801796105 , expected FN probability [31m 0.030000000000000027 [0m
Simulation number = 0
Simulation using numplayers = 256  numclusters =  4  numLiars =  1  betafactor =  1.2  and historyLen =  100
    Using historyLen at QPQ =  100
    Using historyLen L0 at QPQ2 = 376  and historyLen L1 at QPQ2 = 376
    Using threshold at QPQ = 0.97 , expected FN probability [31m 0.030000000000000027 [0m
    Using threshold L0 at QPQ2 = 0.9848857801796105  and threshold L1 at QPQ2 = 0.9848857801796105 , expected FN probability [31m 0.030000000000000027 [0m
Simulation number = 0
Simulation using numplayers = 256  numclusters =  128  numLiars =  1  betafactor =  1.2  and historyLen =  100
    Using historyLen at QPQ =  100
    Using historyLen L0 at QPQ2 = 196  and historyLen L1 at QPQ2 = 196
    Using threshold at QPQ = 0.97 , expected FN probability [31m 0.030000000000000027 [0m
    Using threshold L0 at QPQ2 = 0.9848857801796105  and threshold L1 at QPQ2 = 0.9848857801796105 , expected FN probability [31m 0.030000000000000027 [0m
Simulation number = 0
Simulation using numplayers = 256  numclusters =  64  numLiars =  1  betafactor =  1.2  and historyLen =  100
    Using historyLen at QPQ =  100
    Using historyLen L0 at QPQ2 = 376  and historyLen L1 at QPQ2 = 376
    Using threshold at QPQ = 0.97 , expected FN probability [31m 0.030000000000000027 [0m
    Using threshold L0 at QPQ2 = 0.9848857801796105  and threshold L1 at QPQ2 = 0.9848857801796105 , expected FN probability [31m 0.030000000000000027 [0m
Simulation number = 0
Simulation using numplayers = 256  numclusters =  32  numLiars =  1  betafactor =  1.2  and historyLen =  100
    Using historyLen at QPQ =  100
    Using historyLen L0 at QPQ2 = 640  and historyLen L1 at QPQ2 = 640
    Using threshold at QPQ = 0.97 , expected FN probability [31m 0.030000000000000027 [0m
    Using threshold L0 at QPQ2 = 0.9848857801796105  and threshold L1 at QPQ2 = 0.9848857801796105 , expected FN probability [31m 0.030000000000000027 [0m
Simulation number = 0
Simulation using numplayers = 256  numclusters =  16  numLiars =  1  betafactor =  1.2  and historyLen =  100
    Using historyLen at QPQ =  100
    Using historyLen L0 at QPQ2 = 800  and historyLen L1 at QPQ2 = 800
    Using threshold at QPQ = 0.97 , expected FN probability [31m 0.030000000000000027 [0m
    Using threshold L0 at QPQ2 = 0.9848857801796105  and threshold L1 at QPQ2 = 0.9848857801796105 , expected FN probability [31m 0.030000000000000027 [0m
Simulation number = 0
Simulation using numplayers = 256  numclusters =  8  numLiars =  1  betafactor =  1.2  and historyLen =  100
    Using historyLen at QPQ =  100
    Using historyLen L0 at QPQ2 = 640  and historyLen L1 at QPQ2 = 640
    Using threshold at QPQ = 0.97 , expected FN probability [31m 0.030000000000000027 [0m
    Using threshold L0 at QPQ2 = 0.9848857801796105  and threshold L1 at QPQ2 = 0.9848857801796105 , expected FN probability [31m 0.030000000000000027 [0m
Simulation number = 0
Simulation using numplayers = 256  numclusters =  4  numLiars =  1  betafactor =  1.2  and historyLen =  100
    Using historyLen at QPQ =  100
    Using historyLen L0 at QPQ2 = 376  and historyLen L1 at QPQ2 = 376
    Using threshold at QPQ = 0.97 , expected FN probability [31m 0.030000000000000027 [0m
    Using threshold L0 at QPQ2 = 0.9848857801796105  and threshold L1 at QPQ2 = 0.9848857801796105 , expected FN probability [31m 0.030000000000000027 [0m
Simulation number = 0
Simulation using numplayers = 256  numclusters =  128  numLiars =  1  betafactor =  1.2  and historyLen =  100
    Using historyLen at QPQ =  100
    Using historyLen L0 at QPQ2 = 196  and historyLen L1 at QPQ2 = 196
    Using threshold at QPQ = 0.97 , expected FN probability [31m 0.030000000000000027 [0m
    Using threshold L0 at QPQ2 = 0.9848857801796105  and threshold L1 at QPQ2 = 0.9848857801796105 , expected FN probability [31m 0.030000000000000027 [0m
Simulation number = 0
Simulation using numplayers = 256  numclusters =  64  numLiars =  1  betafactor =  1.2  and historyLen =  100
    Using historyLen at QPQ =  100
    Using historyLen L0 at QPQ2 = 376  and historyLen L1 at QPQ2 = 376
    Using threshold at QPQ = 0.97 , expected FN probability [31m 0.030000000000000027 [0m
    Using threshold L0 at QPQ2 = 0.9848857801796105  and threshold L1 at QPQ2 = 0.9848857801796105 , expected FN probability [31m 0.030000000000000027 [0m
Simulation number = 0
Simulation using numplayers = 256  numclusters =  32  numLiars =  1  betafactor =  1.2  and historyLen =  100
    Using historyLen at QPQ =  100
    Using historyLen L0 at QPQ2 = 640  and historyLen L1 at QPQ2 = 640
    Using threshold at QPQ = 0.97 , expected FN probability [31m 0.030000000000000027 [0m
    Using threshold L0 at QPQ2 = 0.9848857801796105  and threshold L1 at QPQ2 = 0.9848857801796105 , expected FN probability [31m 0.030000000000000027 [0m
Simulation number = 0
Simulation using numplayers = 256  numclusters =  16  numLiars =  1  betafactor =  1.2  and historyLen =  100
    Using historyLen at QPQ =  100
    Using historyLen L0 at QPQ2 = 800  and historyLen L1 at QPQ2 = 800
    Using threshold at QPQ = 0.97 , expected FN probability [31m 0.030000000000000027 [0m
    Using threshold L0 at QPQ2 = 0.9848857801796105  and threshold L1 at QPQ2 = 0.9848857801796105 , expected FN probability [31m 0.030000000000000027 [0m
Simulation number = 0
Simulation using numplayers = 256  numclusters =  8  numLiars =  1  betafactor =  1.2  and historyLen =  100
    Using historyLen at QPQ =  100
    Using historyLen L0 at QPQ2 = 640  and historyLen L1 at QPQ2 = 640
    Using threshold at QPQ = 0.97 , expected FN probability [31m 0.030000000000000027 [0m
    Using threshold L0 at QPQ2 = 0.9848857801796105  and threshold L1 at QPQ2 = 0.9848857801796105 , expected FN probability [31m 0.030000000000000027 [0m
Simulation number = 0
Simulation using numplayers = 256  numclusters =  4  numLiars =  1  betafactor =  1.2  and historyLen =  100
    Using historyLen at QPQ =  100
    Using historyLen L0 at QPQ2 = 376  and historyLen L1 at QPQ2 = 376
    Using threshold at QPQ = 0.97 , expected FN probability [31m 0.030000000000000027 [0m
    Using threshold L0 at QPQ2 = 0.9848857801796105  and threshold L1 at QPQ2 = 0.9848857801796105 , expected FN probability [31m 0.030000000000000027 [0m
Simulation number = 0
