Simulation using numplayers = 64  numclusters =  8  numLiars =  1  betafactor =  1.05  and historyLen =  100
    Using historyLen at QPQ =  100
    Using historyLen L0 at QPQ2 = 400  and historyLen L1 at QPQ2 = 400
    Using threshold at QPQ = 0.97
    Using threshold L0 at QPQ2 = 0.981636715130498  and threshold L1 at QPQ2 = 0.981636715130498
Simulation number = 0
Simulation using numplayers = 64  numclusters =  8  numLiars =  1  betafactor =  1.05  and historyLen =  200
    Using historyLen at QPQ =  200
    Using historyLen L0 at QPQ2 = 800  and historyLen L1 at QPQ2 = 800
    Using threshold at QPQ = 0.976520193754854
    Using threshold L0 at QPQ2 = 0.9856464869004811  and threshold L1 at QPQ2 = 0.9856464869004811
Simulation number = 0
Simulation using numplayers = 64  numclusters =  8  numLiars =  1  betafactor =  1.05  and historyLen =  300
    Using historyLen at QPQ =  300
    Using historyLen L0 at QPQ2 = 1200  and historyLen L1 at QPQ2 = 1200
    Using threshold at QPQ = 0.979663000022763
    Using threshold L0 at QPQ2 = 0.9875754966705226  and threshold L1 at QPQ2 = 0.9875754966705226
Simulation number = 0
Simulation using numplayers = 64  numclusters =  8  numLiars =  1  betafactor =  1.05  and historyLen =  400
    Using historyLen at QPQ =  400
    Using historyLen L0 at QPQ2 = 1600  and historyLen L1 at QPQ2 = 1600
    Using threshold at QPQ = 0.981636715130498
    Using threshold L0 at QPQ2 = 0.9887856964505846  and threshold L1 at QPQ2 = 0.9887856964505846
Simulation number = 0
Simulation using numplayers = 64  numclusters =  8  numLiars =  1  betafactor =  1.05  and historyLen =  500
    Using historyLen at QPQ =  500
    Using historyLen L0 at QPQ2 = 2000  and historyLen L1 at QPQ2 = 2000
    Using threshold at QPQ = 0.9830359017899089
    Using threshold L0 at QPQ2 = 0.9896430423624055  and threshold L1 at QPQ2 = 0.9896430423624055
Simulation number = 0
Simulation using numplayers = 64  numclusters =  8  numLiars =  1  betafactor =  1.05  and historyLen =  600
    Using historyLen at QPQ =  600
    Using historyLen L0 at QPQ2 = 2400  and historyLen L1 at QPQ2 = 2400
    Using threshold at QPQ = 0.984100250022662
    Using threshold L0 at QPQ2 = 0.9902948974919753  and threshold L1 at QPQ2 = 0.9902948974919753
Simulation number = 0
Simulation using numplayers = 64  numclusters =  8  numLiars =  1  betafactor =  1.05  and historyLen =  700
    Using historyLen at QPQ =  700
    Using historyLen L0 at QPQ2 = 2800  and historyLen L1 at QPQ2 = 2800
    Using threshold at QPQ = 0.9849482746536519
    Using threshold L0 at QPQ2 = 0.9908140686857235  and threshold L1 at QPQ2 = 0.9908140686857235
Simulation number = 0
Simulation using numplayers = 64  numclusters =  8  numLiars =  1  betafactor =  1.05  and historyLen =  800
    Using historyLen at QPQ =  800
    Using historyLen L0 at QPQ2 = 3200  and historyLen L1 at QPQ2 = 3200
    Using threshold at QPQ = 0.9856464869004811
    Using threshold L0 at QPQ2 = 0.9912413915310988  and threshold L1 at QPQ2 = 0.9912413915310988
Simulation number = 0
Simulation using numplayers = 64  numclusters =  8  numLiars =  1  betafactor =  1.05  and historyLen =  900
    Using historyLen at QPQ =  900
    Using historyLen L0 at QPQ2 = 3600  and historyLen L1 at QPQ2 = 3600
    Using threshold at QPQ = 0.9862356087716391
    Using threshold L0 at QPQ2 = 0.9916018562409065  and threshold L1 at QPQ2 = 0.9916018562409065
Simulation number = 0
Simulation using numplayers = 64  numclusters =  8  numLiars =  1  betafactor =  1.05  and historyLen =  1000
    Using historyLen at QPQ =  1000
    Using historyLen L0 at QPQ2 = 4000  and historyLen L1 at QPQ2 = 4000
    Using threshold at QPQ = 0.9867422157046601
    Using threshold L0 at QPQ2 = 0.9919117653044408  and threshold L1 at QPQ2 = 0.9919117653044408
Simulation number = 0
Simulation using numplayers = 64  numclusters =  8  numLiars =  1  betafactor =  1.05  and historyLen =  100
    Using historyLen at QPQ =  100
    Using historyLen L0 at QPQ2 = 400  and historyLen L1 at QPQ2 = 400
    Using threshold at QPQ = 0.97
    Using threshold L0 at QPQ2 = 0.981636715130498  and threshold L1 at QPQ2 = 0.981636715130498
Simulation number = 0
Simulation using numplayers = 64  numclusters =  8  numLiars =  1  betafactor =  1.05  and historyLen =  200
    Using historyLen at QPQ =  200
    Using historyLen L0 at QPQ2 = 800  and historyLen L1 at QPQ2 = 800
    Using threshold at QPQ = 0.976520193754854
    Using threshold L0 at QPQ2 = 0.9856464869004811  and threshold L1 at QPQ2 = 0.9856464869004811
Simulation number = 0
Simulation using numplayers = 64  numclusters =  8  numLiars =  1  betafactor =  1.05  and historyLen =  300
    Using historyLen at QPQ =  300
    Using historyLen L0 at QPQ2 = 1200  and historyLen L1 at QPQ2 = 1200
    Using threshold at QPQ = 0.979663000022763
    Using threshold L0 at QPQ2 = 0.9875754966705226  and threshold L1 at QPQ2 = 0.9875754966705226
Simulation number = 0
Simulation using numplayers = 64  numclusters =  8  numLiars =  1  betafactor =  1.05  and historyLen =  400
    Using historyLen at QPQ =  400
    Using historyLen L0 at QPQ2 = 1600  and historyLen L1 at QPQ2 = 1600
    Using threshold at QPQ = 0.981636715130498
    Using threshold L0 at QPQ2 = 0.9887856964505846  and threshold L1 at QPQ2 = 0.9887856964505846
Simulation number = 0
Simulation using numplayers = 64  numclusters =  8  numLiars =  1  betafactor =  1.05  and historyLen =  500
    Using historyLen at QPQ =  500
    Using historyLen L0 at QPQ2 = 2000  and historyLen L1 at QPQ2 = 2000
    Using threshold at QPQ = 0.9830359017899089
    Using threshold L0 at QPQ2 = 0.9896430423624055  and threshold L1 at QPQ2 = 0.9896430423624055
Simulation number = 0
Simulation using numplayers = 64  numclusters =  8  numLiars =  1  betafactor =  1.05  and historyLen =  600
    Using historyLen at QPQ =  600
    Using historyLen L0 at QPQ2 = 2400  and historyLen L1 at QPQ2 = 2400
    Using threshold at QPQ = 0.984100250022662
    Using threshold L0 at QPQ2 = 0.9902948974919753  and threshold L1 at QPQ2 = 0.9902948974919753
Simulation number = 0
Simulation using numplayers = 64  numclusters =  8  numLiars =  1  betafactor =  1.05  and historyLen =  700
    Using historyLen at QPQ =  700
    Using historyLen L0 at QPQ2 = 2800  and historyLen L1 at QPQ2 = 2800
    Using threshold at QPQ = 0.9849482746536519
    Using threshold L0 at QPQ2 = 0.9908140686857235  and threshold L1 at QPQ2 = 0.9908140686857235
Simulation number = 0
Simulation using numplayers = 64  numclusters =  8  numLiars =  1  betafactor =  1.05  and historyLen =  800
    Using historyLen at QPQ =  800
    Using historyLen L0 at QPQ2 = 3200  and historyLen L1 at QPQ2 = 3200
    Using threshold at QPQ = 0.9856464869004811
    Using threshold L0 at QPQ2 = 0.9912413915310988  and threshold L1 at QPQ2 = 0.9912413915310988
Simulation number = 0
Simulation using numplayers = 64  numclusters =  8  numLiars =  1  betafactor =  1.05  and historyLen =  900
    Using historyLen at QPQ =  900
    Using historyLen L0 at QPQ2 = 3600  and historyLen L1 at QPQ2 = 3600
    Using threshold at QPQ = 0.9862356087716391
    Using threshold L0 at QPQ2 = 0.9916018562409065  and threshold L1 at QPQ2 = 0.9916018562409065
Simulation number = 0
Simulation using numplayers = 64  numclusters =  8  numLiars =  1  betafactor =  1.05  and historyLen =  1000
    Using historyLen at QPQ =  1000
    Using historyLen L0 at QPQ2 = 4000  and historyLen L1 at QPQ2 = 4000
    Using threshold at QPQ = 0.9867422157046601
    Using threshold L0 at QPQ2 = 0.9919117653044408  and threshold L1 at QPQ2 = 0.9919117653044408
Simulation number = 0
Simulation using numplayers = 64  numclusters =  8  numLiars =  1  betafactor =  1.05  and historyLen =  100
    Using historyLen at QPQ =  100
    Using historyLen L0 at QPQ2 = 400  and historyLen L1 at QPQ2 = 400
    Using threshold at QPQ = 0.97
    Using threshold L0 at QPQ2 = 0.981636715130498  and threshold L1 at QPQ2 = 0.981636715130498
Simulation number = 0
Simulation using numplayers = 64  numclusters =  8  numLiars =  1  betafactor =  1.05  and historyLen =  200
    Using historyLen at QPQ =  200
    Using historyLen L0 at QPQ2 = 800  and historyLen L1 at QPQ2 = 800
    Using threshold at QPQ = 0.976520193754854
    Using threshold L0 at QPQ2 = 0.9856464869004811  and threshold L1 at QPQ2 = 0.9856464869004811
Simulation number = 0
Simulation using numplayers = 64  numclusters =  8  numLiars =  1  betafactor =  1.05  and historyLen =  300
    Using historyLen at QPQ =  300
    Using historyLen L0 at QPQ2 = 1200  and historyLen L1 at QPQ2 = 1200
    Using threshold at QPQ = 0.979663000022763
    Using threshold L0 at QPQ2 = 0.9875754966705226  and threshold L1 at QPQ2 = 0.9875754966705226
Simulation number = 0
Simulation using numplayers = 64  numclusters =  8  numLiars =  1  betafactor =  1.05  and historyLen =  400
    Using historyLen at QPQ =  400
    Using historyLen L0 at QPQ2 = 1600  and historyLen L1 at QPQ2 = 1600
    Using threshold at QPQ = 0.981636715130498
    Using threshold L0 at QPQ2 = 0.9887856964505846  and threshold L1 at QPQ2 = 0.9887856964505846
Simulation number = 0
Simulation using numplayers = 64  numclusters =  8  numLiars =  1  betafactor =  1.05  and historyLen =  500
    Using historyLen at QPQ =  500
    Using historyLen L0 at QPQ2 = 2000  and historyLen L1 at QPQ2 = 2000
    Using threshold at QPQ = 0.9830359017899089
    Using threshold L0 at QPQ2 = 0.9896430423624055  and threshold L1 at QPQ2 = 0.9896430423624055
Simulation number = 0
Simulation using numplayers = 64  numclusters =  8  numLiars =  1  betafactor =  1.05  and historyLen =  600
    Using historyLen at QPQ =  600
    Using historyLen L0 at QPQ2 = 2400  and historyLen L1 at QPQ2 = 2400
    Using threshold at QPQ = 0.984100250022662
    Using threshold L0 at QPQ2 = 0.9902948974919753  and threshold L1 at QPQ2 = 0.9902948974919753
Simulation number = 0
Simulation using numplayers = 64  numclusters =  8  numLiars =  1  betafactor =  1.05  and historyLen =  700
    Using historyLen at QPQ =  700
    Using historyLen L0 at QPQ2 = 2800  and historyLen L1 at QPQ2 = 2800
    Using threshold at QPQ = 0.9849482746536519
    Using threshold L0 at QPQ2 = 0.9908140686857235  and threshold L1 at QPQ2 = 0.9908140686857235
Simulation number = 0
Simulation using numplayers = 64  numclusters =  8  numLiars =  1  betafactor =  1.05  and historyLen =  800
    Using historyLen at QPQ =  800
    Using historyLen L0 at QPQ2 = 3200  and historyLen L1 at QPQ2 = 3200
    Using threshold at QPQ = 0.9856464869004811
    Using threshold L0 at QPQ2 = 0.9912413915310988  and threshold L1 at QPQ2 = 0.9912413915310988
Simulation number = 0
Simulation using numplayers = 64  numclusters =  8  numLiars =  1  betafactor =  1.05  and historyLen =  900
    Using historyLen at QPQ =  900
    Using historyLen L0 at QPQ2 = 3600  and historyLen L1 at QPQ2 = 3600
    Using threshold at QPQ = 0.9862356087716391
    Using threshold L0 at QPQ2 = 0.9916018562409065  and threshold L1 at QPQ2 = 0.9916018562409065
Simulation number = 0
Simulation using numplayers = 64  numclusters =  8  numLiars =  1  betafactor =  1.05  and historyLen =  1000
    Using historyLen at QPQ =  1000
    Using historyLen L0 at QPQ2 = 4000  and historyLen L1 at QPQ2 = 4000
    Using threshold at QPQ = 0.9867422157046601
    Using threshold L0 at QPQ2 = 0.9919117653044408  and threshold L1 at QPQ2 = 0.9919117653044408
Simulation number = 0
Simulation using numplayers = 64  numclusters =  8  numLiars =  1  betafactor =  1.05  and historyLen =  100
    Using historyLen at QPQ =  100
    Using historyLen L0 at QPQ2 = 400  and historyLen L1 at QPQ2 = 400
    Using threshold at QPQ = 0.97
    Using threshold L0 at QPQ2 = 0.981636715130498  and threshold L1 at QPQ2 = 0.981636715130498
Simulation number = 0
Simulation using numplayers = 64  numclusters =  8  numLiars =  1  betafactor =  1.05  and historyLen =  200
    Using historyLen at QPQ =  200
    Using historyLen L0 at QPQ2 = 800  and historyLen L1 at QPQ2 = 800
    Using threshold at QPQ = 0.976520193754854
    Using threshold L0 at QPQ2 = 0.9856464869004811  and threshold L1 at QPQ2 = 0.9856464869004811
Simulation number = 0
Simulation using numplayers = 64  numclusters =  8  numLiars =  1  betafactor =  1.05  and historyLen =  300
    Using historyLen at QPQ =  300
    Using historyLen L0 at QPQ2 = 1200  and historyLen L1 at QPQ2 = 1200
    Using threshold at QPQ = 0.979663000022763
    Using threshold L0 at QPQ2 = 0.9875754966705226  and threshold L1 at QPQ2 = 0.9875754966705226
Simulation number = 0
Simulation using numplayers = 64  numclusters =  8  numLiars =  1  betafactor =  1.05  and historyLen =  400
    Using historyLen at QPQ =  400
    Using historyLen L0 at QPQ2 = 1600  and historyLen L1 at QPQ2 = 1600
    Using threshold at QPQ = 0.981636715130498
    Using threshold L0 at QPQ2 = 0.9887856964505846  and threshold L1 at QPQ2 = 0.9887856964505846
Simulation number = 0
Simulation using numplayers = 64  numclusters =  8  numLiars =  1  betafactor =  1.05  and historyLen =  500
    Using historyLen at QPQ =  500
    Using historyLen L0 at QPQ2 = 2000  and historyLen L1 at QPQ2 = 2000
    Using threshold at QPQ = 0.9830359017899089
    Using threshold L0 at QPQ2 = 0.9896430423624055  and threshold L1 at QPQ2 = 0.9896430423624055
Simulation number = 0
Simulation using numplayers = 64  numclusters =  8  numLiars =  1  betafactor =  1.05  and historyLen =  600
    Using historyLen at QPQ =  600
    Using historyLen L0 at QPQ2 = 2400  and historyLen L1 at QPQ2 = 2400
    Using threshold at QPQ = 0.984100250022662
    Using threshold L0 at QPQ2 = 0.9902948974919753  and threshold L1 at QPQ2 = 0.9902948974919753
Simulation number = 0
Simulation using numplayers = 64  numclusters =  8  numLiars =  1  betafactor =  1.05  and historyLen =  700
    Using historyLen at QPQ =  700
    Using historyLen L0 at QPQ2 = 2800  and historyLen L1 at QPQ2 = 2800
    Using threshold at QPQ = 0.9849482746536519
    Using threshold L0 at QPQ2 = 0.9908140686857235  and threshold L1 at QPQ2 = 0.9908140686857235
Simulation number = 0
Simulation using numplayers = 64  numclusters =  8  numLiars =  1  betafactor =  1.05  and historyLen =  800
    Using historyLen at QPQ =  800
    Using historyLen L0 at QPQ2 = 3200  and historyLen L1 at QPQ2 = 3200
    Using threshold at QPQ = 0.9856464869004811
    Using threshold L0 at QPQ2 = 0.9912413915310988  and threshold L1 at QPQ2 = 0.9912413915310988
Simulation number = 0
Simulation using numplayers = 64  numclusters =  8  numLiars =  1  betafactor =  1.05  and historyLen =  900
    Using historyLen at QPQ =  900
    Using historyLen L0 at QPQ2 = 3600  and historyLen L1 at QPQ2 = 3600
    Using threshold at QPQ = 0.9862356087716391
    Using threshold L0 at QPQ2 = 0.9916018562409065  and threshold L1 at QPQ2 = 0.9916018562409065
Simulation number = 0
Simulation using numplayers = 64  numclusters =  8  numLiars =  1  betafactor =  1.05  and historyLen =  1000
    Using historyLen at QPQ =  1000
    Using historyLen L0 at QPQ2 = 4000  and historyLen L1 at QPQ2 = 4000
    Using threshold at QPQ = 0.9867422157046601
    Using threshold L0 at QPQ2 = 0.9919117653044408  and threshold L1 at QPQ2 = 0.9919117653044408
Simulation number = 0
Simulation using numplayers = 64  numclusters =  8  numLiars =  1  betafactor =  1.05  and historyLen =  100
    Using historyLen at QPQ =  100
    Using historyLen L0 at QPQ2 = 400  and historyLen L1 at QPQ2 = 400
    Using threshold at QPQ = 0.97
    Using threshold L0 at QPQ2 = 0.981636715130498  and threshold L1 at QPQ2 = 0.981636715130498
Simulation number = 0
Simulation using numplayers = 64  numclusters =  8  numLiars =  1  betafactor =  1.05  and historyLen =  200
    Using historyLen at QPQ =  200
    Using historyLen L0 at QPQ2 = 800  and historyLen L1 at QPQ2 = 800
    Using threshold at QPQ = 0.976520193754854
    Using threshold L0 at QPQ2 = 0.9856464869004811  and threshold L1 at QPQ2 = 0.9856464869004811
Simulation number = 0
Simulation using numplayers = 64  numclusters =  8  numLiars =  1  betafactor =  1.05  and historyLen =  300
    Using historyLen at QPQ =  300
    Using historyLen L0 at QPQ2 = 1200  and historyLen L1 at QPQ2 = 1200
    Using threshold at QPQ = 0.979663000022763
    Using threshold L0 at QPQ2 = 0.9875754966705226