Simulation using numplayers = 64  numclusters =  8  numLiars =  1  betafactor =  1.2  and historyLen =  1000
    Using historyLen at QPQ =  1000
    Using historyLen L0 at QPQ2 = 4000  and historyLen L1 at QPQ2 = 4000
    Using threshold at QPQ = 0.9867422157046601 , expected FN probability [31m 0.013257784295339858 [0m
    Using threshold L0 at QPQ2 = 0.9933489898845522  and threshold L1 at QPQ2 = 0.9933489898845522 , expected FN probability [31m 0.013257784295339747 [0m
Simulation number = 0
Simulation using numplayers = 64  numclusters =  8  numLiars =  1  betafactor =  1.2  and historyLen =  1000
    Using historyLen at QPQ =  1000
    Using historyLen L0 at QPQ2 = 4000  and historyLen L1 at QPQ2 = 4000
    Using threshold at QPQ = 0.9867422157046601 , expected FN probability [31m 0.013257784295339858 [0m
    Using threshold L0 at QPQ2 = 0.9933489898845522  and threshold L1 at QPQ2 = 0.9933489898845522 , expected FN probability [31m 0.013257784295339747 [0m
Simulation number = 0
Simulation using numplayers = 64  numclusters =  8  numLiars =  1  betafactor =  1.2  and historyLen =  1000
    Using historyLen at QPQ =  1000
    Using historyLen L0 at QPQ2 = 4000  and historyLen L1 at QPQ2 = 4000
    Using threshold at QPQ = 0.9867422157046601 , expected FN probability [31m 0.013257784295339858 [0m
    Using threshold L0 at QPQ2 = 0.9933489898845522  and threshold L1 at QPQ2 = 0.9933489898845522 , expected FN probability [31m 0.013257784295339747 [0m
Simulation number = 0
Simulation using numplayers = 64  numclusters =  8  numLiars =  1  betafactor =  1.2  and historyLen =  1000
    Using historyLen at QPQ =  1000
    Using historyLen L0 at QPQ2 = 4000  and historyLen L1 at QPQ2 = 4000
    Using threshold at QPQ = 0.9867422157046601 , expected FN probability [31m 0.013257784295339858 [0m
    Using threshold L0 at QPQ2 = 0.9933489898845522  and threshold L1 at QPQ2 = 0.9933489898845522 , expected FN probability [31m 0.013257784295339747 [0m
Simulation number = 0
Simulation using numplayers = 64  numclusters =  8  numLiars =  1  betafactor =  1.2  and historyLen =  1000
    Using historyLen at QPQ =  1000
    Using historyLen L0 at QPQ2 = 4000  and historyLen L1 at QPQ2 = 4000
    Using threshold at QPQ = 0.9867422157046601 , expected FN probability [31m 0.013257784295339858 [0m
    Using threshold L0 at QPQ2 = 0.9933489898845522  and threshold L1 at QPQ2 = 0.9933489898845522 , expected FN probability [31m 0.013257784295339747 [0m
Simulation number = 0
Simulation using numplayers = 64  numclusters =  8  numLiars =  1  betafactor =  1.2  and historyLen =  1000
    Using historyLen at QPQ =  1000
    Using historyLen L0 at QPQ2 = 4000  and historyLen L1 at QPQ2 = 4000
    Using threshold at QPQ = 0.9867422157046601 , expected FN probability [31m 0.013257784295339858 [0m
    Using threshold L0 at QPQ2 = 0.9933489898845522  and threshold L1 at QPQ2 = 0.9933489898845522 , expected FN probability [31m 0.013257784295339747 [0m
Simulation number = 0
Simulation using numplayers = 64  numclusters =  8  numLiars =  1  betafactor =  1.2  and historyLen =  1000
    Using historyLen at QPQ =  1000
    Using historyLen L0 at QPQ2 = 4000  and historyLen L1 at QPQ2 = 4000
    Using threshold at QPQ = 0.9867422157046601 , expected FN probability [31m 0.013257784295339858 [0m
    Using threshold L0 at QPQ2 = 0.9933489898845522  and threshold L1 at QPQ2 = 0.9933489898845522 , expected FN probability [31m 0.013257784295339747 [0m
Simulation number = 0
Simulation using numplayers = 64  numclusters =  8  numLiars =  1  betafactor =  1.2  and historyLen =  1000
    Using historyLen at QPQ =  1000
    Using historyLen L0 at QPQ2 = 4000  and historyLen L1 at QPQ2 = 4000
    Using threshold at QPQ = 0.9867422157046601 , expected FN probability [31m 0.013257784295339858 [0m
    Using threshold L0 at QPQ2 = 0.9933489898845522  and threshold L1 at QPQ2 = 0.9933489898845522 , expected FN probability [31m 0.013257784295339747 [0m
Simulation number = 0
Simulation using numplayers = 64  numclusters =  8  numLiars =  1  betafactor =  1.2  and historyLen =  1000
    Using historyLen at QPQ =  1000
    Using historyLen L0 at QPQ2 = 4000  and historyLen L1 at QPQ2 = 4000
    Using threshold at QPQ = 0.9867422157046601 , expected FN probability [31m 0.013257784295339858 [0m
    Using threshold L0 at QPQ2 = 0.9933489898845522  and threshold L1 at QPQ2 = 0.9933489898845522 , expected FN probability [31m 0.013257784295339747 [0m
Simulation number = 0
Simulation using numplayers = 64  numclusters =  8  numLiars =  1  betafactor =  1.2  and historyLen =  1000
    Using historyLen at QPQ =  1000
    Using historyLen L0 at QPQ2 = 4000  and historyLen L1 at QPQ2 = 4000
    Using threshold at QPQ = 0.9867422157046601 , expected FN probability [31m 0.013257784295339858 [0m
    Using threshold L0 at QPQ2 = 0.9933489898845522  and threshold L1 at QPQ2 = 0.9933489898845522 , expected FN probability [31m 0.013257784295339747 [0m
Simulation number = 0
Simulation using numplayers = 64  numclusters =  8  numLiars =  1  betafactor =  1.2  and historyLen =  1000
    Using historyLen at QPQ =  1000
    Using historyLen L0 at QPQ2 = 4000  and historyLen L1 at QPQ2 = 4000
    Using threshold at QPQ = 0.9867422157046601 , expected FN probability [31m 0.013257784295339858 [0m
    Using threshold L0 at QPQ2 = 0.9933489898845522  and threshold L1 at QPQ2 = 0.9933489898845522 , expected FN probability [31m 0.013257784295339747 [0m
Simulation number = 0
